Determining if the pthread_create exist failed with the following output:
Change Dir: /home/shabelson/st4_ws/build/abb_irb120_support/CMakeFiles/CMakeTmp

Run Build Command:"/usr/bin/make" "cmTC_3dd3d/fast"
/usr/bin/make -f CMakeFiles/cmTC_3dd3d.dir/build.make CMakeFiles/cmTC_3dd3d.dir/build
make[1]: Entering directory '/home/shabelson/st4_ws/build/abb_irb120_support/CMakeFiles/CMakeTmp'
Building C object CMakeFiles/cmTC_3dd3d.dir/CheckSymbolExists.c.o
/usr/bin/cc    -o CMakeFiles/cmTC_3dd3d.dir/CheckSymbolExists.c.o   -c /home/shabelson/st4_ws/build/abb_irb120_support/CMakeFiles/CMakeTmp/CheckSymbolExists.c
Linking C executable cmTC_3dd3d
/usr/bin/cmake -E cmake_link_script CMakeFiles/cmTC_3dd3d.dir/link.txt --verbose=1
/usr/bin/cc      -rdynamic CMakeFiles/cmTC_3dd3d.dir/CheckSymbolExists.c.o  -o cmTC_3dd3d 
CMakeFiles/cmTC_3dd3d.dir/CheckSymbolExists.c.o: In function `main':
CheckSymbolExists.c:(.text+0x1b): undefined reference to `pthread_create'
collect2: error: ld returned 1 exit status
CMakeFiles/cmTC_3dd3d.dir/build.make:97: recipe for target 'cmTC_3dd3d' failed
make[1]: *** [cmTC_3dd3d] Error 1
make[1]: Leaving directory '/home/shabelson/st4_ws/build/abb_irb120_support/CMakeFiles/CMakeTmp'
Makefile:126: recipe for target 'cmTC_3dd3d/fast' failed
make: *** [cmTC_3dd3d/fast] Error 2

File /home/shabelson/st4_ws/build/abb_irb120_support/CMakeFiles/CMakeTmp/CheckSymbolExists.c:
/* */
#include <pthread.h>

int main(int argc, char** argv)
{
  (void)argv;
#ifndef pthread_create
  return ((int*)(&pthread_create))[argc];
#else
  (void)argc;
  return 0;
#endif
}

Determining if the function pthread_create exists in the pthreads failed with the following output:
Change Dir: /home/shabelson/st4_ws/build/abb_irb120_support/CMakeFiles/CMakeTmp

Run Build Command:"/usr/bin/make" "cmTC_64d44/fast"
/usr/bin/make -f CMakeFiles/cmTC_64d44.dir/build.make CMakeFiles/cmTC_64d44.dir/build
make[1]: Entering directory '/home/shabelson/st4_ws/build/abb_irb120_support/CMakeFiles/CMakeTmp'
Building C object CMakeFiles/cmTC_64d44.dir/CheckFunctionExists.c.o
/usr/bin/cc   -DCHECK_FUNCTION_EXISTS=pthread_create   -o CMakeFiles/cmTC_64d44.dir/CheckFunctionExists.c.o   -c /usr/share/cmake-3.10/Modules/CheckFunctionExists.c
Linking C executable cmTC_64d44
/usr/bin/cmake -E cmake_link_script CMakeFiles/cmTC_64d44.dir/link.txt --verbose=1
/usr/bin/cc  -DCHECK_FUNCTION_EXISTS=pthread_create    -rdynamic CMakeFiles/cmTC_64d44.dir/CheckFunctionExists.c.o  -o cmTC_64d44 -lpthreads 
/usr/bin/ld: cannot find -lpthreads
collect2: error: ld returned 1 exit status
CMakeFiles/cmTC_64d44.dir/build.make:97: recipe for target 'cmTC_64d44' failed
make[1]: *** [cmTC_64d44] Error 1
make[1]: Leaving directory '/home/shabelson/st4_ws/build/abb_irb120_support/CMakeFiles/CMakeTmp'
Makefile:126: recipe for target 'cmTC_64d44/fast' failed
make: *** [cmTC_64d44/fast] Error 2


