Determining if the pthread_create exist failed with the following output:
Change Dir: /home/shabelson/st4_ws/build/industrial_core/CMakeFiles/CMakeTmp

Run Build Command:"/usr/bin/make" "cmTC_22bd6/fast"
/usr/bin/make -f CMakeFiles/cmTC_22bd6.dir/build.make CMakeFiles/cmTC_22bd6.dir/build
make[1]: Entering directory '/home/shabelson/st4_ws/build/industrial_core/CMakeFiles/CMakeTmp'
Building C object CMakeFiles/cmTC_22bd6.dir/CheckSymbolExists.c.o
/usr/bin/cc    -o CMakeFiles/cmTC_22bd6.dir/CheckSymbolExists.c.o   -c /home/shabelson/st4_ws/build/industrial_core/CMakeFiles/CMakeTmp/CheckSymbolExists.c
Linking C executable cmTC_22bd6
/usr/bin/cmake -E cmake_link_script CMakeFiles/cmTC_22bd6.dir/link.txt --verbose=1
/usr/bin/cc      -rdynamic CMakeFiles/cmTC_22bd6.dir/CheckSymbolExists.c.o  -o cmTC_22bd6 
CMakeFiles/cmTC_22bd6.dir/CheckSymbolExists.c.o: In function `main':
CheckSymbolExists.c:(.text+0x1b): undefined reference to `pthread_create'
collect2: error: ld returned 1 exit status
CMakeFiles/cmTC_22bd6.dir/build.make:97: recipe for target 'cmTC_22bd6' failed
make[1]: *** [cmTC_22bd6] Error 1
make[1]: Leaving directory '/home/shabelson/st4_ws/build/industrial_core/CMakeFiles/CMakeTmp'
Makefile:126: recipe for target 'cmTC_22bd6/fast' failed
make: *** [cmTC_22bd6/fast] Error 2

File /home/shabelson/st4_ws/build/industrial_core/CMakeFiles/CMakeTmp/CheckSymbolExists.c:
/* */
#include <pthread.h>

int main(int argc, char** argv)
{
  (void)argv;
#ifndef pthread_create
  return ((int*)(&pthread_create))[argc];
#else
  (void)argc;
  return 0;
#endif
}

Determining if the function pthread_create exists in the pthreads failed with the following output:
Change Dir: /home/shabelson/st4_ws/build/industrial_core/CMakeFiles/CMakeTmp

Run Build Command:"/usr/bin/make" "cmTC_ea931/fast"
/usr/bin/make -f CMakeFiles/cmTC_ea931.dir/build.make CMakeFiles/cmTC_ea931.dir/build
make[1]: Entering directory '/home/shabelson/st4_ws/build/industrial_core/CMakeFiles/CMakeTmp'
Building C object CMakeFiles/cmTC_ea931.dir/CheckFunctionExists.c.o
/usr/bin/cc   -DCHECK_FUNCTION_EXISTS=pthread_create   -o CMakeFiles/cmTC_ea931.dir/CheckFunctionExists.c.o   -c /usr/share/cmake-3.10/Modules/CheckFunctionExists.c
Linking C executable cmTC_ea931
/usr/bin/cmake -E cmake_link_script CMakeFiles/cmTC_ea931.dir/link.txt --verbose=1
/usr/bin/cc  -DCHECK_FUNCTION_EXISTS=pthread_create    -rdynamic CMakeFiles/cmTC_ea931.dir/CheckFunctionExists.c.o  -o cmTC_ea931 -lpthreads 
/usr/bin/ld: cannot find -lpthreads
collect2: error: ld returned 1 exit status
CMakeFiles/cmTC_ea931.dir/build.make:97: recipe for target 'cmTC_ea931' failed
make[1]: *** [cmTC_ea931] Error 1
make[1]: Leaving directory '/home/shabelson/st4_ws/build/industrial_core/CMakeFiles/CMakeTmp'
Makefile:126: recipe for target 'cmTC_ea931/fast' failed
make: *** [cmTC_ea931/fast] Error 2


