Determining if the pthread_create exist failed with the following output:
Change Dir: /home/shabelson/st4_ws/build/industrial_robot_client/CMakeFiles/CMakeTmp

Run Build Command:"/usr/bin/make" "cmTC_b85a1/fast"
/usr/bin/make -f CMakeFiles/cmTC_b85a1.dir/build.make CMakeFiles/cmTC_b85a1.dir/build
make[1]: Entering directory '/home/shabelson/st4_ws/build/industrial_robot_client/CMakeFiles/CMakeTmp'
Building C object CMakeFiles/cmTC_b85a1.dir/CheckSymbolExists.c.o
/usr/bin/cc    -o CMakeFiles/cmTC_b85a1.dir/CheckSymbolExists.c.o   -c /home/shabelson/st4_ws/build/industrial_robot_client/CMakeFiles/CMakeTmp/CheckSymbolExists.c
Linking C executable cmTC_b85a1
/usr/bin/cmake -E cmake_link_script CMakeFiles/cmTC_b85a1.dir/link.txt --verbose=1
/usr/bin/cc      -rdynamic CMakeFiles/cmTC_b85a1.dir/CheckSymbolExists.c.o  -o cmTC_b85a1 
CMakeFiles/cmTC_b85a1.dir/CheckSymbolExists.c.o: In function `main':
CheckSymbolExists.c:(.text+0x1b): undefined reference to `pthread_create'
collect2: error: ld returned 1 exit status
CMakeFiles/cmTC_b85a1.dir/build.make:97: recipe for target 'cmTC_b85a1' failed
make[1]: *** [cmTC_b85a1] Error 1
make[1]: Leaving directory '/home/shabelson/st4_ws/build/industrial_robot_client/CMakeFiles/CMakeTmp'
Makefile:126: recipe for target 'cmTC_b85a1/fast' failed
make: *** [cmTC_b85a1/fast] Error 2

File /home/shabelson/st4_ws/build/industrial_robot_client/CMakeFiles/CMakeTmp/CheckSymbolExists.c:
/* */
#include <pthread.h>

int main(int argc, char** argv)
{
  (void)argv;
#ifndef pthread_create
  return ((int*)(&pthread_create))[argc];
#else
  (void)argc;
  return 0;
#endif
}

Determining if the function pthread_create exists in the pthreads failed with the following output:
Change Dir: /home/shabelson/st4_ws/build/industrial_robot_client/CMakeFiles/CMakeTmp

Run Build Command:"/usr/bin/make" "cmTC_21caa/fast"
/usr/bin/make -f CMakeFiles/cmTC_21caa.dir/build.make CMakeFiles/cmTC_21caa.dir/build
make[1]: Entering directory '/home/shabelson/st4_ws/build/industrial_robot_client/CMakeFiles/CMakeTmp'
Building C object CMakeFiles/cmTC_21caa.dir/CheckFunctionExists.c.o
/usr/bin/cc   -DCHECK_FUNCTION_EXISTS=pthread_create   -o CMakeFiles/cmTC_21caa.dir/CheckFunctionExists.c.o   -c /usr/share/cmake-3.10/Modules/CheckFunctionExists.c
Linking C executable cmTC_21caa
/usr/bin/cmake -E cmake_link_script CMakeFiles/cmTC_21caa.dir/link.txt --verbose=1
/usr/bin/cc  -DCHECK_FUNCTION_EXISTS=pthread_create    -rdynamic CMakeFiles/cmTC_21caa.dir/CheckFunctionExists.c.o  -o cmTC_21caa -lpthreads 
/usr/bin/ld: cannot find -lpthreads
collect2: error: ld returned 1 exit status
CMakeFiles/cmTC_21caa.dir/build.make:97: recipe for target 'cmTC_21caa' failed
make[1]: *** [cmTC_21caa] Error 1
make[1]: Leaving directory '/home/shabelson/st4_ws/build/industrial_robot_client/CMakeFiles/CMakeTmp'
Makefile:126: recipe for target 'cmTC_21caa/fast' failed
make: *** [cmTC_21caa/fast] Error 2


