Not searching for unused variables given on the command line.
-- Using CATKIN_DEVEL_PREFIX: /home/shabelson/st4_ws/devel/.private/abb_HW_interface
-- Using CMAKE_PREFIX_PATH: /home/shabelson/st4_ws/devel;/opt/ros/melodic
-- This workspace overlays: /home/shabelson/st4_ws/devel;/opt/ros/melodic
-- Found PythonInterp: /usr/bin/python2 (found suitable version "2.7.17", minimum required is "2")
-- Using PYTHON_EXECUTABLE: /usr/bin/python2
-- Using Debian Python package layout
-- Using empy: /usr/bin/empy
-- Using CATKIN_ENABLE_TESTING: ON
-- Call enable_testing()
-- Using CATKIN_TEST_RESULTS_DIR: /home/shabelson/st4_ws/build/abb_HW_interface/test_results
-- Found gtest sources under '/usr/src/googletest': gtests will be built
-- Found gmock sources under '/usr/src/googletest': gmock will be built
-- Found PythonInterp: /usr/bin/python2 (found version "2.7.17")
-- Using Python nosetests: /usr/bin/nosetests-2.7
-- catkin 0.7.29
-- BUILD_SHARED_LIBS is on
-- Using these message generators: gencpp;geneus;genlisp;gennodejs;genpy
-- Boost version: 1.65.1
-- Found the following Boost libraries:
--   thread
--   chrono
--   system
--   date_time
--   atomic
WARNING: Package name "abb_HW_interface" does not follow the naming conventions. It should start with a lower case letter and only contain lower case letters, digits, underscores, and dashes.
-- Configuring done
CMake Error at /home/shabelson/st4_ws/src/abb_HW_interface/CMakeLists.txt:143 (add_executable):
  Cannot find source file:

    include/abb_hw_interface/abb_hw_interface.h

  Tried extensions .c .C .c++ .cc .cpp .cxx .m .M .mm .h .hh .h++ .hm .hpp
  .hxx .in .txx


CMake Error: CMake can not determine linker language for target: abb_hw_main
CMake Error: Cannot determine link language for target "abb_hw_main".
-- Generating done
-- Build files have been written to: /home/shabelson/st4_ws/build/abb_HW_interface
