[  0%] Built target control_msgs_generate_messages_lisp
[  0%] Built target std_msgs_generate_messages_lisp
[  0%] Built target sensor_msgs_generate_messages_lisp
[  0%] Built target sensor_msgs_generate_messages_py
[  0%] Built target control_msgs_generate_messages_py
[  0%] Built target actionlib_msgs_generate_messages_py
[  0%] Built target trajectory_msgs_generate_messages_lisp
[  0%] Built target geometry_msgs_generate_messages_lisp
[  0%] Built target actionlib_msgs_generate_messages_lisp
[  0%] Built target trajectory_msgs_generate_messages_py
[  0%] Built target geometry_msgs_generate_messages_nodejs
[  0%] Built target std_msgs_generate_messages_py
[  0%] Built target actionlib_msgs_generate_messages_nodejs
[  0%] Built target geometry_msgs_generate_messages_py
[  0%] Built target trajectory_msgs_generate_messages_nodejs
[  0%] Built target std_msgs_generate_messages_nodejs
[  0%] Built target control_msgs_generate_messages_nodejs
[  0%] Built target sensor_msgs_generate_messages_nodejs
[  0%] Built target std_msgs_generate_messages_eus
[  0%] Built target trajectory_msgs_generate_messages_eus
[  0%] Built target control_msgs_generate_messages_eus
[  0%] Built target geometry_msgs_generate_messages_cpp
[  0%] Built target geometry_msgs_generate_messages_eus
[  0%] Built target sensor_msgs_generate_messages_eus
[  0%] Built target actionlib_msgs_generate_messages_eus
[  0%] Built target control_msgs_generate_messages_cpp
[  0%] Built target sensor_msgs_generate_messages_cpp
[  0%] Built target std_msgs_generate_messages_cpp
[  0%] Built target trajectory_msgs_generate_messages_cpp
[  0%] Built target industrial_msgs_generate_messages_py
[  0%] Built target actionlib_msgs_generate_messages_cpp
[  0%] Built target controller_manager_msgs_generate_messages_nodejs
[  0%] Built target controller_manager_msgs_generate_messages_cpp
[  0%] Built target dynamic_reconfigure_gencfg
[  0%] Built target abb_node_generate_messages_lisp
[  0%] Built target control_toolbox_generate_messages_lisp
[  0%] Built target roscpp_generate_messages_lisp
[  0%] Built target controller_manager_msgs_generate_messages_py
[  0%] Built target roscpp_generate_messages_cpp
[  0%] Built target actionlib_generate_messages_cpp
[  0%] Built target roscpp_generate_messages_py
[  0%] Built target controller_manager_msgs_generate_messages_eus
[  0%] Built target controller_manager_msgs_generate_messages_lisp
[  0%] Built target rosgraph_msgs_generate_messages_cpp
[  0%] Built target _catkin_empty_exported_target
[  0%] Built target control_toolbox_generate_messages_nodejs
[  0%] Built target dynamic_reconfigure_generate_messages_cpp
[  0%] Built target rosgraph_msgs_generate_messages_eus
[  0%] Built target rosgraph_msgs_generate_messages_lisp
[  0%] Built target roscpp_generate_messages_eus
[  0%] Built target industrial_msgs_generate_messages_cpp
[  0%] Built target rosgraph_msgs_generate_messages_py
[  0%] Built target rosgraph_msgs_generate_messages_nodejs
[  0%] Built target industrial_msgs_generate_messages_eus
[  0%] Built target actionlib_generate_messages_eus
[  0%] Built target actionlib_generate_messages_nodejs
[  0%] Built target control_toolbox_gencfg
[  0%] Built target actionlib_generate_messages_py
[  0%] Built target actionlib_generate_messages_lisp
[  0%] Built target control_toolbox_generate_messages_cpp
[  0%] Built target control_toolbox_generate_messages_eus
[  0%] Built target dynamic_reconfigure_generate_messages_eus
[  0%] Built target abb_node_generate_messages_py
[  0%] Built target control_toolbox_generate_messages_py
[  0%] Built target industrial_msgs_generate_messages_nodejs
[  0%] Built target dynamic_reconfigure_generate_messages_lisp
[  0%] Built target dynamic_reconfigure_generate_messages_nodejs
[  0%] Built target dynamic_reconfigure_generate_messages_py
[  0%] Built target abb_node_generate_messages_cpp
[  0%] Built target industrial_msgs_generate_messages_lisp
[  0%] Built target abb_node_generate_messages_eus
[  0%] Built target abb_node_generate_messages_nodejs
[  0%] Built target roscpp_generate_messages_nodejs
[  0%] Built target abb_HW_interface_generate_messages_lisp
[ 25%] Built target abb_HW_interface_generate_messages_eus
[ 25%] Built target abb_HW_interface_generate_messages_nodejs
[ 25%] Built target abb_HW_interface_generate_messages_py
[ 25%] Built target abb_HW_interface_generate_messages_cpp
[35m[1mScanning dependencies of target abb_hw_main[0m
[ 25%] Built target abb_HW_interface_generate_messages
[ 50%] [32mBuilding CXX object CMakeFiles/abb_hw_main.dir/src/abb_hw_interface.cpp.o[0m
[ 75%] [32m[1mLinking CXX executable /home/shabelson/st4_ws/devel/.private/abb_HW_interface/lib/abb_HW_interface/abb_hw_main[0m
[100%] Built target abb_hw_main
