[01m[K/home/shabelson/st4_ws/src/abb_HW_interface/src/abb_hw_interface.cpp:[m[K In member function '[01m[Kvoid abb_120_ns::AbbHWInterface::CartesianLogCallback(const ConstPtr&)[m[K':
[01m[K/home/shabelson/st4_ws/src/abb_HW_interface/src/abb_hw_interface.cpp:80:28:[m[K [01;31m[Kerror: [m[Kinvalid use of '[01m[Kgeometry_msgs::Pose_<std::allocator<void> >::Ptr[m[K'
   this->iCPose = msg->pose.[01;31m[KPtr[m[K;
                            [01;31m[K^~~[m[K
[01m[K/home/shabelson/st4_ws/src/abb_HW_interface/src/abb_hw_interface.cpp:[m[K In member function '[01m[Kvoid abb_120_ns::AbbHWInterface::HandleForceLog(const ConstPtr&)[m[K':
[01m[K/home/shabelson/st4_ws/src/abb_HW_interface/src/abb_hw_interface.cpp:96:22:[m[K [01;31m[Kerror: [m[Kno match for '[01m[Koperator=[m[K' (operand types are '[01m[Kgeometry_msgs::WrenchStamped_<std::allocator<void> >::Ptr {aka boost::shared_ptr<geometry_msgs::WrenchStamped_<std::allocator<void> > >}[m[K' and '[01m[Kconst _wrench_type {aka const geometry_msgs::Wrench_<std::allocator<void> >}[m[K')
 this->iWrench = msg->[01;31m[Kwrench[m[K;
                      [01;31m[K^~~~~~[m[K
In file included from [01m[K/usr/include/boost/shared_ptr.hpp:17:0[m[K,
                 from [01m[K/opt/ros/melodic/include/ros/forwards.h:37[m[K,
                 from [01m[K/opt/ros/melodic/include/ros/common.h:37[m[K,
                 from [01m[K/opt/ros/melodic/include/ros/ros.h:43[m[K,
                 from [01m[K/home/shabelson/st4_ws/src/ros_control_boilerplate/include/ros_control_boilerplate/generic_hw_interface.h:44[m[K,
                 from [01m[K/home/shabelson/st4_ws/src/abb_HW_interface/include/abb_HW_interface/abb_hw_interface.h:8[m[K,
                 from [01m[K/home/shabelson/st4_ws/src/abb_HW_interface/src/abb_hw_interface.cpp:2[m[K:
[01m[K/usr/include/boost/smart_ptr/shared_ptr.hpp:547:18:[m[K [01;36m[Knote: [m[Kcandidate: boost::shared_ptr<T>& boost::shared_ptr<T>::operator=(const boost::shared_ptr<T>&) [with T = geometry_msgs::WrenchStamped_<std::allocator<void> >]
     shared_ptr & [01;36m[Koperator[m[K=( shared_ptr const & r ) BOOST_SP_NOEXCEPT
                  [01;36m[K^~~~~~~~[m[K
[01m[K/usr/include/boost/smart_ptr/shared_ptr.hpp:547:18:[m[K [01;36m[Knote: [m[K  no known conversion for argument 1 from '[01m[Kconst _wrench_type {aka const geometry_msgs::Wrench_<std::allocator<void> >}[m[K' to '[01m[Kconst boost::shared_ptr<geometry_msgs::WrenchStamped_<std::allocator<void> > >&[m[K'
[01m[K/usr/include/boost/smart_ptr/shared_ptr.hpp:556:18:[m[K [01;36m[Knote: [m[Kcandidate: template<class Y> boost::shared_ptr<T>& boost::shared_ptr<T>::operator=(const boost::shared_ptr<Y>&) [with Y = Y; T = geometry_msgs::WrenchStamped_<std::allocator<void> >]
     shared_ptr & [01;36m[Koperator[m[K=(shared_ptr<Y> const & r) BOOST_SP_NOEXCEPT
                  [01;36m[K^~~~~~~~[m[K
[01m[K/usr/include/boost/smart_ptr/shared_ptr.hpp:556:18:[m[K [01;36m[Knote: [m[K  template argument deduction/substitution failed:
[01m[K/home/shabelson/st4_ws/src/abb_HW_interface/src/abb_hw_interface.cpp:96:22:[m[K [01;36m[Knote: [m[K  '[01m[Kconst _wrench_type {aka const geometry_msgs::Wrench_<std::allocator<void> >}[m[K' is not derived from '[01m[Kconst boost::shared_ptr<X>[m[K'
 this->iWrench = msg->[01;36m[Kwrench[m[K;
                      [01;36m[K^~~~~~[m[K
In file included from [01m[K/usr/include/boost/shared_ptr.hpp:17:0[m[K,
                 from [01m[K/opt/ros/melodic/include/ros/forwards.h:37[m[K,
                 from [01m[K/opt/ros/melodic/include/ros/common.h:37[m[K,
                 from [01m[K/opt/ros/melodic/include/ros/ros.h:43[m[K,
                 from [01m[K/home/shabelson/st4_ws/src/ros_control_boilerplate/include/ros_control_boilerplate/generic_hw_interface.h:44[m[K,
                 from [01m[K/home/shabelson/st4_ws/src/abb_HW_interface/include/abb_HW_interface/abb_hw_interface.h:8[m[K,
                 from [01m[K/home/shabelson/st4_ws/src/abb_HW_interface/src/abb_hw_interface.cpp:2[m[K:
[01m[K/usr/include/boost/smart_ptr/shared_ptr.hpp:567:18:[m[K [01;36m[Knote: [m[Kcandidate: template<class Y> boost::shared_ptr<T>& boost::shared_ptr<T>::operator=(std::auto_ptr<_Up>&) [with Y = Y; T = geometry_msgs::WrenchStamped_<std::allocator<void> >]
     shared_ptr & [01;36m[Koperator[m[K=( std::auto_ptr<Y> & r )
                  [01;36m[K^~~~~~~~[m[K
[01m[K/usr/include/boost/smart_ptr/shared_ptr.hpp:567:18:[m[K [01;36m[Knote: [m[K  template argument deduction/substitution failed:
[01m[K/home/shabelson/st4_ws/src/abb_HW_interface/src/abb_hw_interface.cpp:96:22:[m[K [01;36m[Knote: [m[K  types '[01m[Kstd::auto_ptr<Y>[m[K' and '[01m[Kconst _wrench_type {aka const geometry_msgs::Wrench_<std::allocator<void> >}[m[K' have incompatible cv-qualifiers
 this->iWrench = msg->[01;36m[Kwrench[m[K;
                      [01;36m[K^~~~~~[m[K
In file included from [01m[K/usr/include/boost/shared_ptr.hpp:17:0[m[K,
                 from [01m[K/opt/ros/melodic/include/ros/forwards.h:37[m[K,
                 from [01m[K/opt/ros/melodic/include/ros/common.h:37[m[K,
                 from [01m[K/opt/ros/melodic/include/ros/ros.h:43[m[K,
                 from [01m[K/home/shabelson/st4_ws/src/ros_control_boilerplate/include/ros_control_boilerplate/generic_hw_interface.h:44[m[K,
                 from [01m[K/home/shabelson/st4_ws/src/abb_HW_interface/include/abb_HW_interface/abb_hw_interface.h:8[m[K,
                 from [01m[K/home/shabelson/st4_ws/src/abb_HW_interface/src/abb_hw_interface.cpp:2[m[K:
[01m[K/usr/include/boost/smart_ptr/shared_ptr.hpp:576:18:[m[K [01;36m[Knote: [m[Kcandidate: template<class Y> boost::shared_ptr<T>& boost::shared_ptr<T>::operator=(std::auto_ptr<_Up>&&) [with Y = Y; T = geometry_msgs::WrenchStamped_<std::allocator<void> >]
     shared_ptr & [01;36m[Koperator[m[K=( std::auto_ptr<Y> && r )
                  [01;36m[K^~~~~~~~[m[K
[01m[K/usr/include/boost/smart_ptr/shared_ptr.hpp:576:18:[m[K [01;36m[Knote: [m[K  template argument deduction/substitution failed:
[01m[K/home/shabelson/st4_ws/src/abb_HW_interface/src/abb_hw_interface.cpp:96:22:[m[K [01;36m[Knote: [m[K  types '[01m[Kstd::auto_ptr<Y>[m[K' and '[01m[Kconst _wrench_type {aka const geometry_msgs::Wrench_<std::allocator<void> >}[m[K' have incompatible cv-qualifiers
 this->iWrench = msg->[01;36m[Kwrench[m[K;
                      [01;36m[K^~~~~~[m[K
In file included from [01m[K/usr/include/boost/shared_ptr.hpp:17:0[m[K,
                 from [01m[K/opt/ros/melodic/include/ros/forwards.h:37[m[K,
                 from [01m[K/opt/ros/melodic/include/ros/common.h:37[m[K,
                 from [01m[K/opt/ros/melodic/include/ros/ros.h:43[m[K,
                 from [01m[K/home/shabelson/st4_ws/src/ros_control_boilerplate/include/ros_control_boilerplate/generic_hw_interface.h:44[m[K,
                 from [01m[K/home/shabelson/st4_ws/src/abb_HW_interface/include/abb_HW_interface/abb_hw_interface.h:8[m[K,
                 from [01m[K/home/shabelson/st4_ws/src/abb_HW_interface/src/abb_hw_interface.cpp:2[m[K:
[01m[K/usr/include/boost/smart_ptr/shared_ptr.hpp:598:18:[m[K [01;36m[Knote: [m[Kcandidate: template<class Y, class D> boost::shared_ptr<T>& boost::shared_ptr<T>::operator=(std::unique_ptr<_Up, _Ep>&&) [with Y = Y; D = D; T = geometry_msgs::WrenchStamped_<std::allocator<void> >]
     shared_ptr & [01;36m[Koperator[m[K=( std::unique_ptr<Y, D> && r )
                  [01;36m[K^~~~~~~~[m[K
[01m[K/usr/include/boost/smart_ptr/shared_ptr.hpp:598:18:[m[K [01;36m[Knote: [m[K  template argument deduction/substitution failed:
[01m[K/home/shabelson/st4_ws/src/abb_HW_interface/src/abb_hw_interface.cpp:96:22:[m[K [01;36m[Knote: [m[K  types '[01m[Kstd::unique_ptr<_Tp, _Dp>[m[K' and '[01m[Kconst _wrench_type {aka const geometry_msgs::Wrench_<std::allocator<void> >}[m[K' have incompatible cv-qualifiers
 this->iWrench = msg->[01;36m[Kwrench[m[K;
                      [01;36m[K^~~~~~[m[K
In file included from [01m[K/usr/include/boost/shared_ptr.hpp:17:0[m[K,
                 from [01m[K/opt/ros/melodic/include/ros/forwards.h:37[m[K,
                 from [01m[K/opt/ros/melodic/include/ros/common.h:37[m[K,
                 from [01m[K/opt/ros/melodic/include/ros/ros.h:43[m[K,
                 from [01m[K/home/shabelson/st4_ws/src/ros_control_boilerplate/include/ros_control_boilerplate/generic_hw_interface.h:44[m[K,
                 from [01m[K/home/shabelson/st4_ws/src/abb_HW_interface/include/abb_HW_interface/abb_hw_interface.h:8[m[K,
                 from [01m[K/home/shabelson/st4_ws/src/abb_HW_interface/src/abb_hw_interface.cpp:2[m[K:
[01m[K/usr/include/boost/smart_ptr/shared_ptr.hpp:607:18:[m[K [01;36m[Knote: [m[Kcandidate: template<class Y, class D> boost::shared_ptr<T>& boost::shared_ptr<T>::operator=(boost::movelib::unique_ptr<Y, D>) [with Y = Y; D = D; T = geometry_msgs::WrenchStamped_<std::allocator<void> >]
     shared_ptr & [01;36m[Koperator[m[K=( boost::movelib::unique_ptr<Y, D> r )
                  [01;36m[K^~~~~~~~[m[K
[01m[K/usr/include/boost/smart_ptr/shared_ptr.hpp:607:18:[m[K [01;36m[Knote: [m[K  template argument deduction/substitution failed:
[01m[K/home/shabelson/st4_ws/src/abb_HW_interface/src/abb_hw_interface.cpp:96:22:[m[K [01;36m[Knote: [m[K  '[01m[Kgeometry_msgs::Wrench_<std::allocator<void> >[m[K' is not derived from '[01m[Kboost::movelib::unique_ptr<Y, D>[m[K'
 this->iWrench = msg->[01;36m[Kwrench[m[K;
                      [01;36m[K^~~~~~[m[K
In file included from [01m[K/usr/include/boost/shared_ptr.hpp:17:0[m[K,
                 from [01m[K/opt/ros/melodic/include/ros/forwards.h:37[m[K,
                 from [01m[K/opt/ros/melodic/include/ros/common.h:37[m[K,
                 from [01m[K/opt/ros/melodic/include/ros/ros.h:43[m[K,
                 from [01m[K/home/shabelson/st4_ws/src/ros_control_boilerplate/include/ros_control_boilerplate/generic_hw_interface.h:44[m[K,
                 from [01m[K/home/shabelson/st4_ws/src/abb_HW_interface/include/abb_HW_interface/abb_hw_interface.h:8[m[K,
                 from [01m[K/home/shabelson/st4_ws/src/abb_HW_interface/src/abb_hw_interface.cpp:2[m[K:
[01m[K/usr/include/boost/smart_ptr/shared_ptr.hpp:658:18:[m[K [01;36m[Knote: [m[Kcandidate: boost::shared_ptr<T>& boost::shared_ptr<T>::operator=(boost::shared_ptr<T>&&) [with T = geometry_msgs::WrenchStamped_<std::allocator<void> >]
     shared_ptr & [01;36m[Koperator[m[K=( shared_ptr && r ) BOOST_SP_NOEXCEPT
                  [01;36m[K^~~~~~~~[m[K
[01m[K/usr/include/boost/smart_ptr/shared_ptr.hpp:658:18:[m[K [01;36m[Knote: [m[K  no known conversion for argument 1 from '[01m[Kconst _wrench_type {aka const geometry_msgs::Wrench_<std::allocator<void> >}[m[K' to '[01m[Kboost::shared_ptr<geometry_msgs::WrenchStamped_<std::allocator<void> > >&&[m[K'
[01m[K/usr/include/boost/smart_ptr/shared_ptr.hpp:665:18:[m[K [01;36m[Knote: [m[Kcandidate: template<class Y> boost::shared_ptr<T>& boost::shared_ptr<T>::operator=(boost::shared_ptr<Y>&&) [with Y = Y; T = geometry_msgs::WrenchStamped_<std::allocator<void> >]
     shared_ptr & [01;36m[Koperator[m[K=( shared_ptr<Y> && r ) BOOST_SP_NOEXCEPT
                  [01;36m[K^~~~~~~~[m[K
[01m[K/usr/include/boost/smart_ptr/shared_ptr.hpp:665:18:[m[K [01;36m[Knote: [m[K  template argument deduction/substitution failed:
[01m[K/home/shabelson/st4_ws/src/abb_HW_interface/src/abb_hw_interface.cpp:96:22:[m[K [01;36m[Knote: [m[K  types '[01m[Kboost::shared_ptr<X>[m[K' and '[01m[Kconst _wrench_type {aka const geometry_msgs::Wrench_<std::allocator<void> >}[m[K' have incompatible cv-qualifiers
 this->iWrench = msg->[01;36m[Kwrench[m[K;
                      [01;36m[K^~~~~~[m[K
In file included from [01m[K/usr/include/boost/shared_ptr.hpp:17:0[m[K,
                 from [01m[K/opt/ros/melodic/include/ros/forwards.h:37[m[K,
                 from [01m[K/opt/ros/melodic/include/ros/common.h:37[m[K,
                 from [01m[K/opt/ros/melodic/include/ros/ros.h:43[m[K,
                 from [01m[K/home/shabelson/st4_ws/src/ros_control_boilerplate/include/ros_control_boilerplate/generic_hw_interface.h:44[m[K,
                 from [01m[K/home/shabelson/st4_ws/src/abb_HW_interface/include/abb_HW_interface/abb_hw_interface.h:8[m[K,
                 from [01m[K/home/shabelson/st4_ws/src/abb_HW_interface/src/abb_hw_interface.cpp:2[m[K:
[01m[K/usr/include/boost/smart_ptr/shared_ptr.hpp:683:18:[m[K [01;36m[Knote: [m[Kcandidate: boost::shared_ptr<T>& boost::shared_ptr<T>::operator=(boost::detail::sp_nullptr_t) [with T = geometry_msgs::WrenchStamped_<std::allocator<void> >; boost::detail::sp_nullptr_t = std::nullptr_t]
     shared_ptr & [01;36m[Koperator[m[K=( boost::detail::sp_nullptr_t ) BOOST_SP_NOEXCEPT
                  [01;36m[K^~~~~~~~[m[K
[01m[K/usr/include/boost/smart_ptr/shared_ptr.hpp:683:18:[m[K [01;36m[Knote: [m[K  no known conversion for argument 1 from '[01m[Kconst _wrench_type {aka const geometry_msgs::Wrench_<std::allocator<void> >}[m[K' to '[01m[Kboost::detail::sp_nullptr_t {aka std::nullptr_t}[m[K'
make[2]: *** [CMakeFiles/abb_hw_main.dir/src/abb_hw_interface.cpp.o] Error 1
make[1]: *** [CMakeFiles/abb_hw_main.dir/all] Error 2
make: *** [all] Error 2
