[  0%] Built target sensor_msgs_generate_messages_lisp
[  0%] Built target std_msgs_generate_messages_lisp
[  0%] Built target geometry_msgs_generate_messages_lisp
[  0%] Built target actionlib_msgs_generate_messages_lisp
[  0%] Built target trajectory_msgs_generate_messages_lisp
[  0%] Built target control_msgs_generate_messages_lisp
[  0%] Built target sensor_msgs_generate_messages_py
[  0%] Built target actionlib_msgs_generate_messages_py
[  0%] Built target trajectory_msgs_generate_messages_py
[  0%] Built target control_msgs_generate_messages_py
[  0%] Built target geometry_msgs_generate_messages_py
[  0%] Built target std_msgs_generate_messages_py
[  0%] Built target std_msgs_generate_messages_nodejs
[  0%] Built target trajectory_msgs_generate_messages_nodejs
[  0%] Built target geometry_msgs_generate_messages_nodejs
[  0%] Built target sensor_msgs_generate_messages_nodejs
[  0%] Built target control_msgs_generate_messages_nodejs
[  0%] Built target std_msgs_generate_messages_eus
[  0%] Built target control_msgs_generate_messages_eus
[  0%] Built target actionlib_msgs_generate_messages_nodejs
[  0%] Built target geometry_msgs_generate_messages_cpp
[  0%] Built target control_msgs_generate_messages_cpp
[  0%] Built target trajectory_msgs_generate_messages_eus
[  0%] Built target actionlib_msgs_generate_messages_eus
[  0%] Built target sensor_msgs_generate_messages_eus
[  0%] Built target geometry_msgs_generate_messages_eus
[  0%] Built target std_msgs_generate_messages_cpp
[  0%] Built target sensor_msgs_generate_messages_cpp
[  0%] Built target trajectory_msgs_generate_messages_cpp
[  0%] Built target actionlib_msgs_generate_messages_cpp
[  0%] Built target industrial_msgs_generate_messages_py
[  0%] Built target controller_manager_msgs_generate_messages_nodejs
[  0%] Built target dynamic_reconfigure_gencfg
[  0%] Built target abb_node_generate_messages_lisp
[  0%] Built target controller_manager_msgs_generate_messages_cpp
[  0%] Built target control_toolbox_generate_messages_lisp
[  0%] Built target roscpp_generate_messages_lisp
[  0%] Built target roscpp_generate_messages_cpp
[  0%] Built target controller_manager_msgs_generate_messages_py
[  0%] Built target actionlib_generate_messages_cpp
[  0%] Built target roscpp_generate_messages_py
[  0%] Built target rosgraph_msgs_generate_messages_cpp
[  0%] Built target _catkin_empty_exported_target
[  0%] Built target controller_manager_msgs_generate_messages_lisp
[  0%] Built target controller_manager_msgs_generate_messages_eus
[  0%] Built target control_toolbox_generate_messages_nodejs
[  0%] Built target rosgraph_msgs_generate_messages_lisp
[  0%] Built target rosgraph_msgs_generate_messages_eus
[  0%] Built target dynamic_reconfigure_generate_messages_cpp
[  0%] Built target roscpp_generate_messages_eus
[  0%] Built target rosgraph_msgs_generate_messages_py
[  0%] Built target industrial_msgs_generate_messages_eus
[  0%] Built target industrial_msgs_generate_messages_cpp
[  0%] Built target rosgraph_msgs_generate_messages_nodejs
[  0%] Built target control_toolbox_gencfg
[  0%] Built target actionlib_generate_messages_eus
[  0%] Built target actionlib_generate_messages_lisp
[  0%] Built target control_toolbox_generate_messages_cpp
[  0%] Built target actionlib_generate_messages_nodejs
[  0%] Built target actionlib_generate_messages_py
[  0%] Built target control_toolbox_generate_messages_eus
[  0%] Built target industrial_msgs_generate_messages_nodejs
[  0%] Built target control_toolbox_generate_messages_py
[  0%] Built target dynamic_reconfigure_generate_messages_eus
[  0%] Built target abb_node_generate_messages_py
[  0%] Built target dynamic_reconfigure_generate_messages_lisp
[  0%] Built target dynamic_reconfigure_generate_messages_nodejs
[  0%] Built target dynamic_reconfigure_generate_messages_py
[  0%] Built target abb_node_generate_messages_eus
[  0%] Built target abb_node_generate_messages_cpp
[  0%] Built target abb_node_generate_messages_nodejs
[  0%] Built target industrial_msgs_generate_messages_lisp
[  0%] Built target abb_HW_interface_generate_messages_nodejs
[  0%] Built target roscpp_generate_messages_nodejs
[  0%] Built target abb_HW_interface_generate_messages_lisp
[ 25%] Built target abb_HW_interface_generate_messages_py
[ 25%] Built target abb_HW_interface_generate_messages_eus
[ 25%] Built target abb_HW_interface_generate_messages_cpp
[35m[1mScanning dependencies of target abb_hw_main[0m
[ 25%] Built target abb_HW_interface_generate_messages
[ 50%] [32mBuilding CXX object CMakeFiles/abb_hw_main.dir/src/abb_hw_interface.cpp.o[0m
In file included from [01m[K/opt/ros/melodic/include/ros/node_handle.h:35:0[m[K,
                 from [01m[K/opt/ros/melodic/include/ros/ros.h:45[m[K,
                 from [01m[K/home/shabelson/st4_ws/src/ros_control_boilerplate/include/ros_control_boilerplate/generic_hw_interface.h:44[m[K,
                 from [01m[K/home/shabelson/st4_ws/src/abb_HW_interface/include/abb_HW_interface/abb_hw_interface.h:8[m[K,
                 from [01m[K/home/shabelson/st4_ws/src/abb_HW_interface/src/abb_hw_interface.cpp:2[m[K:
/opt/ros/melodic/include/ros/service_client.h: In instantiation of '[01m[Kbool ros::ServiceClient::call(Service&) [with Service = abb_node::robot_IsMovingRequest_<std::allocator<void> >][m[K':
[01m[K/home/shabelson/st4_ws/src/abb_HW_interface/src/abb_hw_interface.cpp:125:39:[m[K   required from here
[01m[K/opt/ros/melodic/include/ros/service_client.h:91:25:[m[K [01;31m[Kerror: [m[K'[01m[Kstruct abb_node::robot_IsMovingRequest_<std::allocator<void> >[m[K' has no member named '[01m[Krequest[m[K'
     return call([01;31m[Kservice.request[m[K, service.response, st::md5sum(service));
                 [01;31m[K~~~~~~~~^~~~~~~[m[K
[01m[K/opt/ros/melodic/include/ros/service_client.h:91:42:[m[K [01;31m[Kerror: [m[K'[01m[Kstruct abb_node::robot_IsMovingRequest_<std::allocator<void> >[m[K' has no member named '[01m[Kresponse[m[K'
     return call(service.request, [01;31m[Kservice.response[m[K, st::md5sum(service));
                                  [01;31m[K~~~~~~~~^~~~~~~~[m[K
CMakeFiles/abb_hw_main.dir/build.make:62: recipe for target 'CMakeFiles/abb_hw_main.dir/src/abb_hw_interface.cpp.o' failed
make[2]: *** [CMakeFiles/abb_hw_main.dir/src/abb_hw_interface.cpp.o] Error 1
make[1]: *** [CMakeFiles/abb_hw_main.dir/all] Error 2
CMakeFiles/Makefile2:1805: recipe for target 'CMakeFiles/abb_hw_main.dir/all' failed
Makefile:140: recipe for target 'all' failed
make: *** [all] Error 2
