In file included from [01m[K/home/shabelson/st4_ws/src/abb_HW_interface/src/abb_hw_interface.cpp:2:0[m[K:
[01m[K/home/shabelson/st4_ws/src/abb_HW_interface/include/abb_HW_interface/abb_hw_interface.h:[m[K In constructor '[01m[Kabb_120_ns::AbbHWInterface::AbbHWInterface(ros::NodeHandle&, urdf::Model*)[m[K':
[01m[K/home/shabelson/st4_ws/src/abb_HW_interface/include/abb_HW_interface/abb_hw_interface.h:25:3:[m[K [01;31m[Kerror: [m[Kno matching function for call to '[01m[Kros_control_boilerplate::GenericHWInterface::GenericHWInterface()[m[K'
   [01;31m[K{[m[K
   [01;31m[K^[m[K
In file included from [01m[K/home/shabelson/st4_ws/src/abb_HW_interface/include/abb_HW_interface/abb_hw_interface.h:8:0[m[K,
                 from [01m[K/home/shabelson/st4_ws/src/abb_HW_interface/src/abb_hw_interface.cpp:2[m[K:
[01m[K/home/shabelson/st4_ws/src/ros_control_boilerplate/include/ros_control_boilerplate/generic_hw_interface.h:68:3:[m[K [01;36m[Knote: [m[Kcandidate: ros_control_boilerplate::GenericHWInterface::GenericHWInterface(const ros::NodeHandle&, urdf::Model*)
   [01;36m[KGenericHWInterface[m[K(const ros::NodeHandle& nh, urdf::Model* urdf_model = NULL);
   [01;36m[K^~~~~~~~~~~~~~~~~~[m[K
[01m[K/home/shabelson/st4_ws/src/ros_control_boilerplate/include/ros_control_boilerplate/generic_hw_interface.h:68:3:[m[K [01;36m[Knote: [m[K  candidate expects 2 arguments, 0 provided
[01m[K/home/shabelson/st4_ws/src/ros_control_boilerplate/include/ros_control_boilerplate/generic_hw_interface.h:60:7:[m[K [01;36m[Knote: [m[Kcandidate: ros_control_boilerplate::GenericHWInterface::GenericHWInterface(const ros_control_boilerplate::GenericHWInterface&)
 class [01;36m[KGenericHWInterface[m[K : public hardware_interface::RobotHW
       [01;36m[K^~~~~~~~~~~~~~~~~~[m[K
[01m[K/home/shabelson/st4_ws/src/ros_control_boilerplate/include/ros_control_boilerplate/generic_hw_interface.h:60:7:[m[K [01;36m[Knote: [m[K  candidate expects 1 argument, 0 provided
[01m[K/home/shabelson/st4_ws/src/abb_HW_interface/src/abb_hw_interface.cpp:[m[K At global scope:
[01m[K/home/shabelson/st4_ws/src/abb_HW_interface/src/abb_hw_interface.cpp:8:1:[m[K [01;31m[Kerror: [m[Kredefinition of '[01m[Kabb_120_ns::AbbHWInterface::AbbHWInterface(ros::NodeHandle&, urdf::Model*)[m[K'
 [01;31m[KAbbHWInterface[m[K::AbbHWInterface(ros::NodeHandle& nh, urdf::Model* urdf_model)
 [01;31m[K^~~~~~~~~~~~~~[m[K
In file included from [01m[K/home/shabelson/st4_ws/src/abb_HW_interface/src/abb_hw_interface.cpp:2:0[m[K:
[01m[K/home/shabelson/st4_ws/src/abb_HW_interface/include/abb_HW_interface/abb_hw_interface.h:24:3:[m[K [01;36m[Knote: [m[K'[01m[Kabb_120_ns::AbbHWInterface::AbbHWInterface(ros::NodeHandle&, urdf::Model*)[m[K' previously defined here
   [01;36m[KAbbHWInterface[m[K(ros::NodeHandle& nh, urdf::Model* urdf_model = NULL)
   [01;36m[K^~~~~~~~~~~~~~[m[K
[01m[K/home/shabelson/st4_ws/src/abb_HW_interface/src/abb_hw_interface.cpp:[m[K In member function '[01m[Kbool abb_120_ns::AbbHWInterface::SubscriberInitialize()[m[K':
[01m[K/home/shabelson/st4_ws/src/abb_HW_interface/src/abb_hw_interface.cpp:60:96:[m[K [01;31m[Kerror: [m[Kno matching function for call to '[01m[Kros::NodeHandle::subscribe(const char [11], int, <unresolved overloaded function type>, abb_120_ns::AbbHWInterface*)[m[K'
  handle_JointsLog    = nh_.subscribe("jointstate",100,&AbbHWInterface::HandleJointCallback,this[01;31m[K)[m[K;
                                                                                                [01;31m[K^[m[K
In file included from [01m[K/opt/ros/melodic/include/ros/ros.h:45:0[m[K,
                 from [01m[K/home/shabelson/st4_ws/src/ros_control_boilerplate/include/ros_control_boilerplate/generic_hw_interface.h:44[m[K,
                 from [01m[K/home/shabelson/st4_ws/src/abb_HW_interface/include/abb_HW_interface/abb_hw_interface.h:8[m[K,
                 from [01m[K/home/shabelson/st4_ws/src/abb_HW_interface/src/abb_hw_interface.cpp:2[m[K:
[01m[K/opt/ros/melodic/include/ros/node_handle.h:402:14:[m[K [01;36m[Knote: [m[Kcandidate: template<class M, class T> ros::Subscriber ros::NodeHandle::subscribe(const string&, uint32_t, void (T::*)(M), T*, const ros::TransportHints&)
   Subscriber [01;36m[Ksubscribe[m[K(const std::string& topic, uint32_t queue_size, void(T::*fp)(M), T* obj,
              [01;36m[K^~~~~~~~~[m[K
[01m[K/opt/ros/melodic/include/ros/node_handle.h:402:14:[m[K [01;36m[Knote: [m[K  template argument deduction/substitution failed:
[01m[K/home/shabelson/st4_ws/src/abb_HW_interface/src/abb_hw_interface.cpp:60:96:[m[K [01;36m[Knote: [m[K  couldn't deduce template parameter '[01m[KM[m[K'
  handle_JointsLog    = nh_.subscribe("jointstate",100,&AbbHWInterface::HandleJointCallback,this[01;36m[K)[m[K;
                                                                                                [01;36m[K^[m[K
In file included from [01m[K/opt/ros/melodic/include/ros/ros.h:45:0[m[K,
                 from [01m[K/home/shabelson/st4_ws/src/ros_control_boilerplate/include/ros_control_boilerplate/generic_hw_interface.h:44[m[K,
                 from [01m[K/home/shabelson/st4_ws/src/abb_HW_interface/include/abb_HW_interface/abb_hw_interface.h:8[m[K,
                 from [01m[K/home/shabelson/st4_ws/src/abb_HW_interface/src/abb_hw_interface.cpp:2[m[K:
[01m[K/opt/ros/melodic/include/ros/node_handle.h:413:14:[m[K [01;36m[Knote: [m[Kcandidate: template<class M, class T> ros::Subscriber ros::NodeHandle::subscribe(const string&, uint32_t, void (T::*)(M) const, T*, const ros::TransportHints&)
   Subscriber [01;36m[Ksubscribe[m[K(const std::string& topic, uint32_t queue_size, void(T::*fp)(M) const, T* obj,
              [01;36m[K^~~~~~~~~[m[K
[01m[K/opt/ros/melodic/include/ros/node_handle.h:413:14:[m[K [01;36m[Knote: [m[K  template argument deduction/substitution failed:
[01m[K/home/shabelson/st4_ws/src/abb_HW_interface/src/abb_hw_interface.cpp:60:96:[m[K [01;36m[Knote: [m[K  types '[01m[Kvoid (T::)(M) const[m[K' and '[01m[Kvoid (abb_120_ns::AbbHWInterface::)(const ConstPtr&) {aka void (abb_120_ns::AbbHWInterface::)(const boost::shared_ptr<const geometry_msgs::WrenchStamped_<std::allocator<void> > >&)}[m[K' have incompatible cv-qualifiers
  handle_JointsLog    = nh_.subscribe("jointstate",100,&AbbHWInterface::HandleJointCallback,this[01;36m[K)[m[K;
                                                                                                [01;36m[K^[m[K
[01m[K/home/shabelson/st4_ws/src/abb_HW_interface/src/abb_hw_interface.cpp:60:96:[m[K [01;36m[Knote: [m[K  types '[01m[Kvoid (T::)(M) const[m[K' and '[01m[Kvoid (abb_120_ns::AbbHWInterface::)(const ConstPtr&) {aka void (abb_120_ns::AbbHWInterface::)(const boost::shared_ptr<const sensor_msgs::JointState_<std::allocator<void> > >&)}[m[K' have incompatible cv-qualifiers
[01m[K/home/shabelson/st4_ws/src/abb_HW_interface/src/abb_hw_interface.cpp:60:96:[m[K [01;36m[Knote: [m[K  could not resolve address from overloaded function '[01m[K&((abb_120_ns::AbbHWInterface*)this)->*abb_120_ns::AbbHWInterface::HandleJointCallback[m[K'
In file included from [01m[K/opt/ros/melodic/include/ros/ros.h:45:0[m[K,
                 from [01m[K/home/shabelson/st4_ws/src/ros_control_boilerplate/include/ros_control_boilerplate/generic_hw_interface.h:44[m[K,
                 from [01m[K/home/shabelson/st4_ws/src/abb_HW_interface/include/abb_HW_interface/abb_hw_interface.h:8[m[K,
                 from [01m[K/home/shabelson/st4_ws/src/abb_HW_interface/src/abb_hw_interface.cpp:2[m[K:
[01m[K/opt/ros/melodic/include/ros/node_handle.h:465:14:[m[K [01;36m[Knote: [m[Kcandidate: template<class M, class T> ros::Subscriber ros::NodeHandle::subscribe(const string&, uint32_t, void (T::*)(const boost::shared_ptr<const M>&), T*, const ros::TransportHints&)
   Subscriber [01;36m[Ksubscribe[m[K(const std::string& topic, uint32_t queue_size,
              [01;36m[K^~~~~~~~~[m[K
[01m[K/opt/ros/melodic/include/ros/node_handle.h:465:14:[m[K [01;36m[Knote: [m[K  template argument deduction/substitution failed:
[01m[K/home/shabelson/st4_ws/src/abb_HW_interface/src/abb_hw_interface.cpp:60:96:[m[K [01;36m[Knote: [m[K  couldn't deduce template parameter '[01m[KM[m[K'
  handle_JointsLog    = nh_.subscribe("jointstate",100,&AbbHWInterface::HandleJointCallback,this[01;36m[K)[m[K;
                                                                                                [01;36m[K^[m[K
In file included from [01m[K/opt/ros/melodic/include/ros/ros.h:45:0[m[K,
                 from [01m[K/home/shabelson/st4_ws/src/ros_control_boilerplate/include/ros_control_boilerplate/generic_hw_interface.h:44[m[K,
                 from [01m[K/home/shabelson/st4_ws/src/abb_HW_interface/include/abb_HW_interface/abb_hw_interface.h:8[m[K,
                 from [01m[K/home/shabelson/st4_ws/src/abb_HW_interface/src/abb_hw_interface.cpp:2[m[K:
[01m[K/opt/ros/melodic/include/ros/node_handle.h:475:14:[m[K [01;36m[Knote: [m[Kcandidate: template<class M, class T> ros::Subscriber ros::NodeHandle::subscribe(const string&, uint32_t, void (T::*)(const boost::shared_ptr<const M>&) const, T*, const ros::TransportHints&)
   Subscriber [01;36m[Ksubscribe[m[K(const std::string& topic, uint32_t queue_size,
              [01;36m[K^~~~~~~~~[m[K
[01m[K/opt/ros/melodic/include/ros/node_handle.h:475:14:[m[K [01;36m[Knote: [m[K  template argument deduction/substitution failed:
[01m[K/home/shabelson/st4_ws/src/abb_HW_interface/src/abb_hw_interface.cpp:60:96:[m[K [01;36m[Knote: [m[K  types '[01m[Kvoid (T::)(const boost::shared_ptr<const M>&) const[m[K' and '[01m[Kvoid (abb_120_ns::AbbHWInterface::)(const ConstPtr&) {aka void (abb_120_ns::AbbHWInterface::)(const boost::shared_ptr<const geometry_msgs::WrenchStamped_<std::allocator<void> > >&)}[m[K' have incompatible cv-qualifiers
  handle_JointsLog    = nh_.subscribe("jointstate",100,&AbbHWInterface::HandleJointCallback,this[01;36m[K)[m[K;
                                                                                                [01;36m[K^[m[K
[01m[K/home/shabelson/st4_ws/src/abb_HW_interface/src/abb_hw_interface.cpp:60:96:[m[K [01;36m[Knote: [m[K  types '[01m[Kvoid (T::)(const boost::shared_ptr<const M>&) const[m[K' and '[01m[Kvoid (abb_120_ns::AbbHWInterface::)(const ConstPtr&) {aka void (abb_120_ns::AbbHWInterface::)(const boost::shared_ptr<const sensor_msgs::JointState_<std::allocator<void> > >&)}[m[K' have incompatible cv-qualifiers
[01m[K/home/shabelson/st4_ws/src/abb_HW_interface/src/abb_hw_interface.cpp:60:96:[m[K [01;36m[Knote: [m[K  could not resolve address from overloaded function '[01m[K&((abb_120_ns::AbbHWInterface*)this)->*abb_120_ns::AbbHWInterface::HandleJointCallback[m[K'
In file included from [01m[K/opt/ros/melodic/include/ros/ros.h:45:0[m[K,
                 from [01m[K/home/shabelson/st4_ws/src/ros_control_boilerplate/include/ros_control_boilerplate/generic_hw_interface.h:44[m[K,
                 from [01m[K/home/shabelson/st4_ws/src/abb_HW_interface/include/abb_HW_interface/abb_hw_interface.h:8[m[K,
                 from [01m[K/home/shabelson/st4_ws/src/abb_HW_interface/src/abb_hw_interface.cpp:2[m[K:
[01m[K/opt/ros/melodic/include/ros/node_handle.h:529:14:[m[K [01;36m[Knote: [m[Kcandidate: template<class M, class T> ros::Subscriber ros::NodeHandle::subscribe(const string&, uint32_t, void (T::*)(M), const boost::shared_ptr<U>&, const ros::TransportHints&)
   Subscriber [01;36m[Ksubscribe[m[K(const std::string& topic, uint32_t queue_size, void(T::*fp)(M),
              [01;36m[K^~~~~~~~~[m[K
[01m[K/opt/ros/melodic/include/ros/node_handle.h:529:14:[m[K [01;36m[Knote: [m[K  template argument deduction/substitution failed:
[01m[K/home/shabelson/st4_ws/src/abb_HW_interface/src/abb_hw_interface.cpp:60:96:[m[K [01;36m[Knote: [m[K  mismatched types '[01m[Kconst boost::shared_ptr<U>[m[K' and '[01m[Kabb_120_ns::AbbHWInterface*[m[K'
  handle_JointsLog    = nh_.subscribe("jointstate",100,&AbbHWInterface::HandleJointCallback,this[01;36m[K)[m[K;
                                                                                                [01;36m[K^[m[K
In file included from [01m[K/opt/ros/melodic/include/ros/ros.h:45:0[m[K,
                 from [01m[K/home/shabelson/st4_ws/src/ros_control_boilerplate/include/ros_control_boilerplate/generic_hw_interface.h:44[m[K,
                 from [01m[K/home/shabelson/st4_ws/src/abb_HW_interface/include/abb_HW_interface/abb_hw_interface.h:8[m[K,
                 from [01m[K/home/shabelson/st4_ws/src/abb_HW_interface/src/abb_hw_interface.cpp:2[m[K:
[01m[K/opt/ros/melodic/include/ros/node_handle.h:540:14:[m[K [01;36m[Knote: [m[Kcandidate: template<class M, class T> ros::Subscriber ros::NodeHandle::subscribe(const string&, uint32_t, void (T::*)(M) const, const boost::shared_ptr<U>&, const ros::TransportHints&)
   Subscriber [01;36m[Ksubscribe[m[K(const std::string& topic, uint32_t queue_size, void(T::*fp)(M) const,
              [01;36m[K^~~~~~~~~[m[K
[01m[K/opt/ros/melodic/include/ros/node_handle.h:540:14:[m[K [01;36m[Knote: [m[K  template argument deduction/substitution failed:
[01m[K/home/shabelson/st4_ws/src/abb_HW_interface/src/abb_hw_interface.cpp:60:96:[m[K [01;36m[Knote: [m[K  types '[01m[Kvoid (T::)(M) const[m[K' and '[01m[Kvoid (abb_120_ns::AbbHWInterface::)(const ConstPtr&) {aka void (abb_120_ns::AbbHWInterface::)(const boost::shared_ptr<const geometry_msgs::WrenchStamped_<std::allocator<void> > >&)}[m[K' have incompatible cv-qualifiers
  handle_JointsLog    = nh_.subscribe("jointstate",100,&AbbHWInterface::HandleJointCallback,this[01;36m[K)[m[K;
                                                                                                [01;36m[K^[m[K
[01m[K/home/shabelson/st4_ws/src/abb_HW_interface/src/abb_hw_interface.cpp:60:96:[m[K [01;36m[Knote: [m[K  types '[01m[Kvoid (T::)(M) const[m[K' and '[01m[Kvoid (abb_120_ns::AbbHWInterface::)(const ConstPtr&) {aka void (abb_120_ns::AbbHWInterface::)(const boost::shared_ptr<const sensor_msgs::JointState_<std::allocator<void> > >&)}[m[K' have incompatible cv-qualifiers
[01m[K/home/shabelson/st4_ws/src/abb_HW_interface/src/abb_hw_interface.cpp:60:96:[m[K [01;36m[Knote: [m[K  could not resolve address from overloaded function '[01m[K&((abb_120_ns::AbbHWInterface*)this)->*abb_120_ns::AbbHWInterface::HandleJointCallback[m[K'
In file included from [01m[K/opt/ros/melodic/include/ros/ros.h:45:0[m[K,
                 from [01m[K/home/shabelson/st4_ws/src/ros_control_boilerplate/include/ros_control_boilerplate/generic_hw_interface.h:44[m[K,
                 from [01m[K/home/shabelson/st4_ws/src/abb_HW_interface/include/abb_HW_interface/abb_hw_interface.h:8[m[K,
                 from [01m[K/home/shabelson/st4_ws/src/abb_HW_interface/src/abb_hw_interface.cpp:2[m[K:
[01m[K/opt/ros/melodic/include/ros/node_handle.h:594:14:[m[K [01;36m[Knote: [m[Kcandidate: template<class M, class T> ros::Subscriber ros::NodeHandle::subscribe(const string&, uint32_t, void (T::*)(const boost::shared_ptr<const M>&), const boost::shared_ptr<U>&, const ros::TransportHints&)
   Subscriber [01;36m[Ksubscribe[m[K(const std::string& topic, uint32_t queue_size,
              [01;36m[K^~~~~~~~~[m[K
[01m[K/opt/ros/melodic/include/ros/node_handle.h:594:14:[m[K [01;36m[Knote: [m[K  template argument deduction/substitution failed:
[01m[K/home/shabelson/st4_ws/src/abb_HW_interface/src/abb_hw_interface.cpp:60:96:[m[K [01;36m[Knote: [m[K  mismatched types '[01m[Kconst boost::shared_ptr<U>[m[K' and '[01m[Kabb_120_ns::AbbHWInterface*[m[K'
  handle_JointsLog    = nh_.subscribe("jointstate",100,&AbbHWInterface::HandleJointCallback,this[01;36m[K)[m[K;
                                                                                                [01;36m[K^[m[K
In file included from [01m[K/opt/ros/melodic/include/ros/ros.h:45:0[m[K,
                 from [01m[K/home/shabelson/st4_ws/src/ros_control_boilerplate/include/ros_control_boilerplate/generic_hw_interface.h:44[m[K,
                 from [01m[K/home/shabelson/st4_ws/src/abb_HW_interface/include/abb_HW_interface/abb_hw_interface.h:8[m[K,
                 from [01m[K/home/shabelson/st4_ws/src/abb_HW_interface/src/abb_hw_interface.cpp:2[m[K:
[01m[K/opt/ros/melodic/include/ros/node_handle.h:605:14:[m[K [01;36m[Knote: [m[Kcandidate: template<class M, class T> ros::Subscriber ros::NodeHandle::subscribe(const string&, uint32_t, void (T::*)(const boost::shared_ptr<const M>&) const, const boost::shared_ptr<U>&, const ros::TransportHints&)
   Subscriber [01;36m[Ksubscribe[m[K(const std::string& topic, uint32_t queue_size,
              [01;36m[K^~~~~~~~~[m[K
[01m[K/opt/ros/melodic/include/ros/node_handle.h:605:14:[m[K [01;36m[Knote: [m[K  template argument deduction/substitution failed:
[01m[K/home/shabelson/st4_ws/src/abb_HW_interface/src/abb_hw_interface.cpp:60:96:[m[K [01;36m[Knote: [m[K  types '[01m[Kvoid (T::)(const boost::shared_ptr<const M>&) const[m[K' and '[01m[Kvoid (abb_120_ns::AbbHWInterface::)(const ConstPtr&) {aka void (abb_120_ns::AbbHWInterface::)(const boost::shared_ptr<const geometry_msgs::WrenchStamped_<std::allocator<void> > >&)}[m[K' have incompatible cv-qualifiers
  handle_JointsLog    = nh_.subscribe("jointstate",100,&AbbHWInterface::HandleJointCallback,this[01;36m[K)[m[K;
                                                                                                [01;36m[K^[m[K
[01m[K/home/shabelson/st4_ws/src/abb_HW_interface/src/abb_hw_interface.cpp:60:96:[m[K [01;36m[Knote: [m[K  types '[01m[Kvoid (T::)(const boost::shared_ptr<const M>&) const[m[K' and '[01m[Kvoid (abb_120_ns::AbbHWInterface::)(const ConstPtr&) {aka void (abb_120_ns::AbbHWInterface::)(const boost::shared_ptr<const sensor_msgs::JointState_<std::allocator<void> > >&)}[m[K' have incompatible cv-qualifiers
[01m[K/home/shabelson/st4_ws/src/abb_HW_interface/src/abb_hw_interface.cpp:60:96:[m[K [01;36m[Knote: [m[K  could not resolve address from overloaded function '[01m[K&((abb_120_ns::AbbHWInterface*)this)->*abb_120_ns::AbbHWInterface::HandleJointCallback[m[K'
In file included from [01m[K/opt/ros/melodic/include/ros/ros.h:45:0[m[K,
                 from [01m[K/home/shabelson/st4_ws/src/ros_control_boilerplate/include/ros_control_boilerplate/generic_hw_interface.h:44[m[K,
                 from [01m[K/home/shabelson/st4_ws/src/abb_HW_interface/include/abb_HW_interface/abb_hw_interface.h:8[m[K,
                 from [01m[K/home/shabelson/st4_ws/src/abb_HW_interface/src/abb_hw_interface.cpp:2[m[K:
[01m[K/opt/ros/melodic/include/ros/node_handle.h:656:14:[m[K [01;36m[Knote: [m[Kcandidate: template<class M> ros::Subscriber ros::NodeHandle::subscribe(const string&, uint32_t, void (*)(M), const ros::TransportHints&)
   Subscriber [01;36m[Ksubscribe[m[K(const std::string& topic, uint32_t queue_size, void(*fp)(M), const TransportHints& transport_hints = TransportHints())
              [01;36m[K^~~~~~~~~[m[K
[01m[K/opt/ros/melodic/include/ros/node_handle.h:656:14:[m[K [01;36m[Knote: [m[K  template argument deduction/substitution failed:
[01m[K/home/shabelson/st4_ws/src/abb_HW_interface/src/abb_hw_interface.cpp:60:96:[m[K [01;36m[Knote: [m[K  mismatched types '[01m[Kvoid (*)(M)[m[K' and '[01m[Kvoid (abb_120_ns::AbbHWInterface::*)(const ConstPtr&) {aka void (abb_120_ns::AbbHWInterface::*)(const boost::shared_ptr<const geometry_msgs::WrenchStamped_<std::allocator<void> > >&)}[m[K'
  handle_JointsLog    = nh_.subscribe("jointstate",100,&AbbHWInterface::HandleJointCallback,this[01;36m[K)[m[K;
                                                                                                [01;36m[K^[m[K
[01m[K/home/shabelson/st4_ws/src/abb_HW_interface/src/abb_hw_interface.cpp:60:96:[m[K [01;36m[Knote: [m[K  mismatched types '[01m[Kvoid (*)(M)[m[K' and '[01m[Kvoid (abb_120_ns::AbbHWInterface::*)(const ConstPtr&) {aka void (abb_120_ns::AbbHWInterface::*)(const boost::shared_ptr<const sensor_msgs::JointState_<std::allocator<void> > >&)}[m[K'
[01m[K/home/shabelson/st4_ws/src/abb_HW_interface/src/abb_hw_interface.cpp:60:96:[m[K [01;36m[Knote: [m[K  could not resolve address from overloaded function '[01m[K&((abb_120_ns::AbbHWInterface*)this)->*abb_120_ns::AbbHWInterface::HandleJointCallback[m[K'
In file included from [01m[K/opt/ros/melodic/include/ros/ros.h:45:0[m[K,
                 from [01m[K/home/shabelson/st4_ws/src/ros_control_boilerplate/include/ros_control_boilerplate/generic_hw_interface.h:44[m[K,
                 from [01m[K/home/shabelson/st4_ws/src/abb_HW_interface/include/abb_HW_interface/abb_hw_interface.h:8[m[K,
                 from [01m[K/home/shabelson/st4_ws/src/abb_HW_interface/src/abb_hw_interface.cpp:2[m[K:
[01m[K/opt/ros/melodic/include/ros/node_handle.h:704:14:[m[K [01;36m[Knote: [m[Kcandidate: template<class M> ros::Subscriber ros::NodeHandle::subscribe(const string&, uint32_t, void (*)(const boost::shared_ptr<const M>&), const ros::TransportHints&)
   Subscriber [01;36m[Ksubscribe[m[K(const std::string& topic, uint32_t queue_size, void(*fp)(const boost::shared_ptr<M const>&), const TransportHints& transport_hints = TransportHints())
              [01;36m[K^~~~~~~~~[m[K
[01m[K/opt/ros/melodic/include/ros/node_handle.h:704:14:[m[K [01;36m[Knote: [m[K  template argument deduction/substitution failed:
[01m[K/home/shabelson/st4_ws/src/abb_HW_interface/src/abb_hw_interface.cpp:60:96:[m[K [01;36m[Knote: [m[K  mismatched types '[01m[Kvoid (*)(const boost::shared_ptr<const M>&)[m[K' and '[01m[Kvoid (abb_120_ns::AbbHWInterface::*)(const ConstPtr&) {aka void (abb_120_ns::AbbHWInterface::*)(const boost::shared_ptr<const geometry_msgs::WrenchStamped_<std::allocator<void> > >&)}[m[K'
  handle_JointsLog    = nh_.subscribe("jointstate",100,&AbbHWInterface::HandleJointCallback,this[01;36m[K)[m[K;
                                                                                                [01;36m[K^[m[K
[01m[K/home/shabelson/st4_ws/src/abb_HW_interface/src/abb_hw_interface.cpp:60:96:[m[K [01;36m[Knote: [m[K  mismatched types '[01m[Kvoid (*)(const boost::shared_ptr<const M>&)[m[K' and '[01m[Kvoid (abb_120_ns::AbbHWInterface::*)(const ConstPtr&) {aka void (abb_120_ns::AbbHWInterface::*)(const boost::shared_ptr<const sensor_msgs::JointState_<std::allocator<void> > >&)}[m[K'
[01m[K/home/shabelson/st4_ws/src/abb_HW_interface/src/abb_hw_interface.cpp:60:96:[m[K [01;36m[Knote: [m[K  could not resolve address from overloaded function '[01m[K&((abb_120_ns::AbbHWInterface*)this)->*abb_120_ns::AbbHWInterface::HandleJointCallback[m[K'
In file included from [01m[K/opt/ros/melodic/include/ros/ros.h:45:0[m[K,
                 from [01m[K/home/shabelson/st4_ws/src/ros_control_boilerplate/include/ros_control_boilerplate/generic_hw_interface.h:44[m[K,
                 from [01m[K/home/shabelson/st4_ws/src/abb_HW_interface/include/abb_HW_interface/abb_hw_interface.h:8[m[K,
                 from [01m[K/home/shabelson/st4_ws/src/abb_HW_interface/src/abb_hw_interface.cpp:2[m[K:
[01m[K/opt/ros/melodic/include/ros/node_handle.h:750:14:[m[K [01;36m[Knote: [m[Kcandidate: template<class M> ros::Subscriber ros::NodeHandle::subscribe(const string&, uint32_t, const boost::function<void(const boost::shared_ptr<const M>&)>&, const VoidConstPtr&, const ros::TransportHints&)
   Subscriber [01;36m[Ksubscribe[m[K(const std::string& topic, uint32_t queue_size, const boost::function<void (const boost::shared_ptr<M const>&)>& callback,
              [01;36m[K^~~~~~~~~[m[K
[01m[K/opt/ros/melodic/include/ros/node_handle.h:750:14:[m[K [01;36m[Knote: [m[K  template argument deduction/substitution failed:
[01m[K/home/shabelson/st4_ws/src/abb_HW_interface/src/abb_hw_interface.cpp:60:96:[m[K [01;36m[Knote: [m[K  mismatched types '[01m[Kconst boost::function<void(const boost::shared_ptr<const M>&)>[m[K' and '[01m[Kvoid (abb_120_ns::AbbHWInterface::*)(const ConstPtr&) {aka void (abb_120_ns::AbbHWInterface::*)(const boost::shared_ptr<const geometry_msgs::WrenchStamped_<std::allocator<void> > >&)}[m[K'
  handle_JointsLog    = nh_.subscribe("jointstate",100,&AbbHWInterface::HandleJointCallback,this[01;36m[K)[m[K;
                                                                                                [01;36m[K^[m[K
[01m[K/home/shabelson/st4_ws/src/abb_HW_interface/src/abb_hw_interface.cpp:60:96:[m[K [01;36m[Knote: [m[K  mismatched types '[01m[Kconst boost::function<void(const boost::shared_ptr<const M>&)>[m[K' and '[01m[Kvoid (abb_120_ns::AbbHWInterface::*)(const ConstPtr&) {aka void (abb_120_ns::AbbHWInterface::*)(const boost::shared_ptr<const sensor_msgs::JointState_<std::allocator<void> > >&)}[m[K'
[01m[K/home/shabelson/st4_ws/src/abb_HW_interface/src/abb_hw_interface.cpp:60:96:[m[K [01;36m[Knote: [m[K  could not resolve address from overloaded function '[01m[K&((abb_120_ns::AbbHWInterface*)this)->*abb_120_ns::AbbHWInterface::HandleJointCallback[m[K'
In file included from [01m[K/opt/ros/melodic/include/ros/ros.h:45:0[m[K,
                 from [01m[K/home/shabelson/st4_ws/src/ros_control_boilerplate/include/ros_control_boilerplate/generic_hw_interface.h:44[m[K,
                 from [01m[K/home/shabelson/st4_ws/src/abb_HW_interface/include/abb_HW_interface/abb_hw_interface.h:8[m[K,
                 from [01m[K/home/shabelson/st4_ws/src/abb_HW_interface/src/abb_hw_interface.cpp:2[m[K:
[01m[K/opt/ros/melodic/include/ros/node_handle.h:799:14:[m[K [01;36m[Knote: [m[Kcandidate: template<class M, class C> ros::Subscriber ros::NodeHandle::subscribe(const string&, uint32_t, const boost::function<void(C)>&, const VoidConstPtr&, const ros::TransportHints&)
   Subscriber [01;36m[Ksubscribe[m[K(const std::string& topic, uint32_t queue_size, const boost::function<void (C)>& callback,
              [01;36m[K^~~~~~~~~[m[K
[01m[K/opt/ros/melodic/include/ros/node_handle.h:799:14:[m[K [01;36m[Knote: [m[K  template argument deduction/substitution failed:
[01m[K/home/shabelson/st4_ws/src/abb_HW_interface/src/abb_hw_interface.cpp:60:96:[m[K [01;36m[Knote: [m[K  mismatched types '[01m[Kconst boost::function<void(C)>[m[K' and '[01m[Kvoid (abb_120_ns::AbbHWInterface::*)(const ConstPtr&) {aka void (abb_120_ns::AbbHWInterface::*)(const boost::shared_ptr<const geometry_msgs::WrenchStamped_<std::allocator<void> > >&)}[m[K'
  handle_JointsLog    = nh_.subscribe("jointstate",100,&AbbHWInterface::HandleJointCallback,this[01;36m[K)[m[K;
                                                                                                [01;36m[K^[m[K
[01m[K/home/shabelson/st4_ws/src/abb_HW_interface/src/abb_hw_interface.cpp:60:96:[m[K [01;36m[Knote: [m[K  mismatched types '[01m[Kconst boost::function<void(C)>[m[K' and '[01m[Kvoid (abb_120_ns::AbbHWInterface::*)(const ConstPtr&) {aka void (abb_120_ns::AbbHWInterface::*)(const boost::shared_ptr<const sensor_msgs::JointState_<std::allocator<void> > >&)}[m[K'
[01m[K/home/shabelson/st4_ws/src/abb_HW_interface/src/abb_hw_interface.cpp:60:96:[m[K [01;36m[Knote: [m[K  could not resolve address from overloaded function '[01m[K&((abb_120_ns::AbbHWInterface*)this)->*abb_120_ns::AbbHWInterface::HandleJointCallback[m[K'
In file included from [01m[K/opt/ros/melodic/include/ros/ros.h:45:0[m[K,
                 from [01m[K/home/shabelson/st4_ws/src/ros_control_boilerplate/include/ros_control_boilerplate/generic_hw_interface.h:44[m[K,
                 from [01m[K/home/shabelson/st4_ws/src/abb_HW_interface/include/abb_HW_interface/abb_hw_interface.h:8[m[K,
                 from [01m[K/home/shabelson/st4_ws/src/abb_HW_interface/src/abb_hw_interface.cpp:2[m[K:
[01m[K/opt/ros/melodic/include/ros/node_handle.h:836:14:[m[K [01;36m[Knote: [m[Kcandidate: ros::Subscriber ros::NodeHandle::subscribe(ros::SubscribeOptions&)
   Subscriber [01;36m[Ksubscribe[m[K(SubscribeOptions& ops);
              [01;36m[K^~~~~~~~~[m[K
[01m[K/opt/ros/melodic/include/ros/node_handle.h:836:14:[m[K [01;36m[Knote: [m[K  candidate expects 1 argument, 4 provided
[01m[K/home/shabelson/st4_ws/src/abb_HW_interface/src/abb_hw_interface.cpp:61:93:[m[K [01;31m[Kerror: [m[Kno matching function for call to '[01m[Kros::NodeHandle::subscribe(const char [7], int, <unresolved overloaded function type>, abb_120_ns::AbbHWInterface*)[m[K'
  handle_ForceLog     = nh_.subscribe("wrench", 100,&AbbHWInterface::HandleJointCallback,this[01;31m[K)[m[K;
                                                                                             [01;31m[K^[m[K
In file included from [01m[K/opt/ros/melodic/include/ros/ros.h:45:0[m[K,
                 from [01m[K/home/shabelson/st4_ws/src/ros_control_boilerplate/include/ros_control_boilerplate/generic_hw_interface.h:44[m[K,
                 from [01m[K/home/shabelson/st4_ws/src/abb_HW_interface/include/abb_HW_interface/abb_hw_interface.h:8[m[K,
                 from [01m[K/home/shabelson/st4_ws/src/abb_HW_interface/src/abb_hw_interface.cpp:2[m[K:
[01m[K/opt/ros/melodic/include/ros/node_handle.h:402:14:[m[K [01;36m[Knote: [m[Kcandidate: template<class M, class T> ros::Subscriber ros::NodeHandle::subscribe(const string&, uint32_t, void (T::*)(M), T*, const ros::TransportHints&)
   Subscriber [01;36m[Ksubscribe[m[K(const std::string& topic, uint32_t queue_size, void(T::*fp)(M), T* obj,
              [01;36m[K^~~~~~~~~[m[K
[01m[K/opt/ros/melodic/include/ros/node_handle.h:402:14:[m[K [01;36m[Knote: [m[K  template argument deduction/substitution failed:
[01m[K/home/shabelson/st4_ws/src/abb_HW_interface/src/abb_hw_interface.cpp:61:93:[m[K [01;36m[Knote: [m[K  couldn't deduce template parameter '[01m[KM[m[K'
  handle_ForceLog     = nh_.subscribe("wrench", 100,&AbbHWInterface::HandleJointCallback,this[01;36m[K)[m[K;
                                                                                             [01;36m[K^[m[K
In file included from [01m[K/opt/ros/melodic/include/ros/ros.h:45:0[m[K,
                 from [01m[K/home/shabelson/st4_ws/src/ros_control_boilerplate/include/ros_control_boilerplate/generic_hw_interface.h:44[m[K,
                 from [01m[K/home/shabelson/st4_ws/src/abb_HW_interface/include/abb_HW_interface/abb_hw_interface.h:8[m[K,
                 from [01m[K/home/shabelson/st4_ws/src/abb_HW_interface/src/abb_hw_interface.cpp:2[m[K:
[01m[K/opt/ros/melodic/include/ros/node_handle.h:413:14:[m[K [01;36m[Knote: [m[Kcandidate: template<class M, class T> ros::Subscriber ros::NodeHandle::subscribe(const string&, uint32_t, void (T::*)(M) const, T*, const ros::TransportHints&)
   Subscriber [01;36m[Ksubscribe[m[K(const std::string& topic, uint32_t queue_size, void(T::*fp)(M) const, T* obj,
              [01;36m[K^~~~~~~~~[m[K
[01m[K/opt/ros/melodic/include/ros/node_handle.h:413:14:[m[K [01;36m[Knote: [m[K  template argument deduction/substitution failed:
[01m[K/home/shabelson/st4_ws/src/abb_HW_interface/src/abb_hw_interface.cpp:61:93:[m[K [01;36m[Knote: [m[K  types '[01m[Kvoid (T::)(M) const[m[K' and '[01m[Kvoid (abb_120_ns::AbbHWInterface::)(const ConstPtr&) {aka void (abb_120_ns::AbbHWInterface::)(const boost::shared_ptr<const geometry_msgs::WrenchStamped_<std::allocator<void> > >&)}[m[K' have incompatible cv-qualifiers
  handle_ForceLog     = nh_.subscribe("wrench", 100,&AbbHWInterface::HandleJointCallback,this[01;36m[K)[m[K;
                                                                                             [01;36m[K^[m[K
[01m[K/home/shabelson/st4_ws/src/abb_HW_interface/src/abb_hw_interface.cpp:61:93:[m[K [01;36m[Knote: [m[K  types '[01m[Kvoid (T::)(M) const[m[K' and '[01m[Kvoid (abb_120_ns::AbbHWInterface::)(const ConstPtr&) {aka void (abb_120_ns::AbbHWInterface::)(const boost::shared_ptr<const sensor_msgs::JointState_<std::allocator<void> > >&)}[m[K' have incompatible cv-qualifiers
[01m[K/home/shabelson/st4_ws/src/abb_HW_interface/src/abb_hw_interface.cpp:61:93:[m[K [01;36m[Knote: [m[K  could not resolve address from overloaded function '[01m[K&((abb_120_ns::AbbHWInterface*)this)->*abb_120_ns::AbbHWInterface::HandleJointCallback[m[K'
In file included from [01m[K/opt/ros/melodic/include/ros/ros.h:45:0[m[K,
                 from [01m[K/home/shabelson/st4_ws/src/ros_control_boilerplate/include/ros_control_boilerplate/generic_hw_interface.h:44[m[K,
                 from [01m[K/home/shabelson/st4_ws/src/abb_HW_interface/include/abb_HW_interface/abb_hw_interface.h:8[m[K,
                 from [01m[K/home/shabelson/st4_ws/src/abb_HW_interface/src/abb_hw_interface.cpp:2[m[K:
[01m[K/opt/ros/melodic/include/ros/node_handle.h:465:14:[m[K [01;36m[Knote: [m[Kcandidate: template<class M, class T> ros::Subscriber ros::NodeHandle::subscribe(const string&, uint32_t, void (T::*)(const boost::shared_ptr<const M>&), T*, const ros::TransportHints&)
   Subscriber [01;36m[Ksubscribe[m[K(const std::string& topic, uint32_t queue_size,
              [01;36m[K^~~~~~~~~[m[K
[01m[K/opt/ros/melodic/include/ros/node_handle.h:465:14:[m[K [01;36m[Knote: [m[K  template argument deduction/substitution failed:
[01m[K/home/shabelson/st4_ws/src/abb_HW_interface/src/abb_hw_interface.cpp:61:93:[m[K [01;36m[Knote: [m[K  couldn't deduce template parameter '[01m[KM[m[K'
  handle_ForceLog     = nh_.subscribe("wrench", 100,&AbbHWInterface::HandleJointCallback,this[01;36m[K)[m[K;
                                                                                             [01;36m[K^[m[K
In file included from [01m[K/opt/ros/melodic/include/ros/ros.h:45:0[m[K,
                 from [01m[K/home/shabelson/st4_ws/src/ros_control_boilerplate/include/ros_control_boilerplate/generic_hw_interface.h:44[m[K,
                 from [01m[K/home/shabelson/st4_ws/src/abb_HW_interface/include/abb_HW_interface/abb_hw_interface.h:8[m[K,
                 from [01m[K/home/shabelson/st4_ws/src/abb_HW_interface/src/abb_hw_interface.cpp:2[m[K:
[01m[K/opt/ros/melodic/include/ros/node_handle.h:475:14:[m[K [01;36m[Knote: [m[Kcandidate: template<class M, class T> ros::Subscriber ros::NodeHandle::subscribe(const string&, uint32_t, void (T::*)(const boost::shared_ptr<const M>&) const, T*, const ros::TransportHints&)
   Subscriber [01;36m[Ksubscribe[m[K(const std::string& topic, uint32_t queue_size,
              [01;36m[K^~~~~~~~~[m[K
[01m[K/opt/ros/melodic/include/ros/node_handle.h:475:14:[m[K [01;36m[Knote: [m[K  template argument deduction/substitution failed:
[01m[K/home/shabelson/st4_ws/src/abb_HW_interface/src/abb_hw_interface.cpp:61:93:[m[K [01;36m[Knote: [m[K  types '[01m[Kvoid (T::)(const boost::shared_ptr<const M>&) const[m[K' and '[01m[Kvoid (abb_120_ns::AbbHWInterface::)(const ConstPtr&) {aka void (abb_120_ns::AbbHWInterface::)(const boost::shared_ptr<const geometry_msgs::WrenchStamped_<std::allocator<void> > >&)}[m[K' have incompatible cv-qualifiers
  handle_ForceLog     = nh_.subscribe("wrench", 100,&AbbHWInterface::HandleJointCallback,this[01;36m[K)[m[K;
                                                                                             [01;36m[K^[m[K
[01m[K/home/shabelson/st4_ws/src/abb_HW_interface/src/abb_hw_interface.cpp:61:93:[m[K [01;36m[Knote: [m[K  types '[01m[Kvoid (T::)(const boost::shared_ptr<const M>&) const[m[K' and '[01m[Kvoid (abb_120_ns::AbbHWInterface::)(const ConstPtr&) {aka void (abb_120_ns::AbbHWInterface::)(const boost::shared_ptr<const sensor_msgs::JointState_<std::allocator<void> > >&)}[m[K' have incompatible cv-qualifiers
[01m[K/home/shabelson/st4_ws/src/abb_HW_interface/src/abb_hw_interface.cpp:61:93:[m[K [01;36m[Knote: [m[K  could not resolve address from overloaded function '[01m[K&((abb_120_ns::AbbHWInterface*)this)->*abb_120_ns::AbbHWInterface::HandleJointCallback[m[K'
In file included from [01m[K/opt/ros/melodic/include/ros/ros.h:45:0[m[K,
                 from [01m[K/home/shabelson/st4_ws/src/ros_control_boilerplate/include/ros_control_boilerplate/generic_hw_interface.h:44[m[K,
                 from [01m[K/home/shabelson/st4_ws/src/abb_HW_interface/include/abb_HW_interface/abb_hw_interface.h:8[m[K,
                 from [01m[K/home/shabelson/st4_ws/src/abb_HW_interface/src/abb_hw_interface.cpp:2[m[K:
[01m[K/opt/ros/melodic/include/ros/node_handle.h:529:14:[m[K [01;36m[Knote: [m[Kcandidate: template<class M, class T> ros::Subscriber ros::NodeHandle::subscribe(const string&, uint32_t, void (T::*)(M), const boost::shared_ptr<U>&, const ros::TransportHints&)
   Subscriber [01;36m[Ksubscribe[m[K(const std::string& topic, uint32_t queue_size, void(T::*fp)(M),
              [01;36m[K^~~~~~~~~[m[K
[01m[K/opt/ros/melodic/include/ros/node_handle.h:529:14:[m[K [01;36m[Knote: [m[K  template argument deduction/substitution failed:
[01m[K/home/shabelson/st4_ws/src/abb_HW_interface/src/abb_hw_interface.cpp:61:93:[m[K [01;36m[Knote: [m[K  mismatched types '[01m[Kconst boost::shared_ptr<U>[m[K' and '[01m[Kabb_120_ns::AbbHWInterface*[m[K'
  handle_ForceLog     = nh_.subscribe("wrench", 100,&AbbHWInterface::HandleJointCallback,this[01;36m[K)[m[K;
                                                                                             [01;36m[K^[m[K
In file included from [01m[K/opt/ros/melodic/include/ros/ros.h:45:0[m[K,
                 from [01m[K/home/shabelson/st4_ws/src/ros_control_boilerplate/include/ros_control_boilerplate/generic_hw_interface.h:44[m[K,
                 from [01m[K/home/shabelson/st4_ws/src/abb_HW_interface/include/abb_HW_interface/abb_hw_interface.h:8[m[K,
                 from [01m[K/home/shabelson/st4_ws/src/abb_HW_interface/src/abb_hw_interface.cpp:2[m[K:
[01m[K/opt/ros/melodic/include/ros/node_handle.h:540:14:[m[K [01;36m[Knote: [m[Kcandidate: template<class M, class T> ros::Subscriber ros::NodeHandle::subscribe(const string&, uint32_t, void (T::*)(M) const, const boost::shared_ptr<U>&, const ros::TransportHints&)
   Subscriber [01;36m[Ksubscribe[m[K(const std::string& topic, uint32_t queue_size, void(T::*fp)(M) const,
              [01;36m[K^~~~~~~~~[m[K
[01m[K/opt/ros/melodic/include/ros/node_handle.h:540:14:[m[K [01;36m[Knote: [m[K  template argument deduction/substitution failed:
[01m[K/home/shabelson/st4_ws/src/abb_HW_interface/src/abb_hw_interface.cpp:61:93:[m[K [01;36m[Knote: [m[K  types '[01m[Kvoid (T::)(M) const[m[K' and '[01m[Kvoid (abb_120_ns::AbbHWInterface::)(const ConstPtr&) {aka void (abb_120_ns::AbbHWInterface::)(const boost::shared_ptr<const geometry_msgs::WrenchStamped_<std::allocator<void> > >&)}[m[K' have incompatible cv-qualifiers
  handle_ForceLog     = nh_.subscribe("wrench", 100,&AbbHWInterface::HandleJointCallback,this[01;36m[K)[m[K;
                                                                                             [01;36m[K^[m[K
[01m[K/home/shabelson/st4_ws/src/abb_HW_interface/src/abb_hw_interface.cpp:61:93:[m[K [01;36m[Knote: [m[K  types '[01m[Kvoid (T::)(M) const[m[K' and '[01m[Kvoid (abb_120_ns::AbbHWInterface::)(const ConstPtr&) {aka void (abb_120_ns::AbbHWInterface::)(const boost::shared_ptr<const sensor_msgs::JointState_<std::allocator<void> > >&)}[m[K' have incompatible cv-qualifiers
[01m[K/home/shabelson/st4_ws/src/abb_HW_interface/src/abb_hw_interface.cpp:61:93:[m[K [01;36m[Knote: [m[K  could not resolve address from overloaded function '[01m[K&((abb_120_ns::AbbHWInterface*)this)->*abb_120_ns::AbbHWInterface::HandleJointCallback[m[K'
In file included from [01m[K/opt/ros/melodic/include/ros/ros.h:45:0[m[K,
                 from [01m[K/home/shabelson/st4_ws/src/ros_control_boilerplate/include/ros_control_boilerplate/generic_hw_interface.h:44[m[K,
                 from [01m[K/home/shabelson/st4_ws/src/abb_HW_interface/include/abb_HW_interface/abb_hw_interface.h:8[m[K,
                 from [01m[K/home/shabelson/st4_ws/src/abb_HW_interface/src/abb_hw_interface.cpp:2[m[K:
[01m[K/opt/ros/melodic/include/ros/node_handle.h:594:14:[m[K [01;36m[Knote: [m[Kcandidate: template<class M, class T> ros::Subscriber ros::NodeHandle::subscribe(const string&, uint32_t, void (T::*)(const boost::shared_ptr<const M>&), const boost::shared_ptr<U>&, const ros::TransportHints&)
   Subscriber [01;36m[Ksubscribe[m[K(const std::string& topic, uint32_t queue_size,
              [01;36m[K^~~~~~~~~[m[K
[01m[K/opt/ros/melodic/include/ros/node_handle.h:594:14:[m[K [01;36m[Knote: [m[K  template argument deduction/substitution failed:
[01m[K/home/shabelson/st4_ws/src/abb_HW_interface/src/abb_hw_interface.cpp:61:93:[m[K [01;36m[Knote: [m[K  mismatched types '[01m[Kconst boost::shared_ptr<U>[m[K' and '[01m[Kabb_120_ns::AbbHWInterface*[m[K'
  handle_ForceLog     = nh_.subscribe("wrench", 100,&AbbHWInterface::HandleJointCallback,this[01;36m[K)[m[K;
                                                                                             [01;36m[K^[m[K
In file included from [01m[K/opt/ros/melodic/include/ros/ros.h:45:0[m[K,
                 from [01m[K/home/shabelson/st4_ws/src/ros_control_boilerplate/include/ros_control_boilerplate/generic_hw_interface.h:44[m[K,
                 from [01m[K/home/shabelson/st4_ws/src/abb_HW_interface/include/abb_HW_interface/abb_hw_interface.h:8[m[K,
                 from [01m[K/home/shabelson/st4_ws/src/abb_HW_interface/src/abb_hw_interface.cpp:2[m[K:
[01m[K/opt/ros/melodic/include/ros/node_handle.h:605:14:[m[K [01;36m[Knote: [m[Kcandidate: template<class M, class T> ros::Subscriber ros::NodeHandle::subscribe(const string&, uint32_t, void (T::*)(const boost::shared_ptr<const M>&) const, const boost::shared_ptr<U>&, const ros::TransportHints&)
   Subscriber [01;36m[Ksubscribe[m[K(const std::string& topic, uint32_t queue_size,
              [01;36m[K^~~~~~~~~[m[K
[01m[K/opt/ros/melodic/include/ros/node_handle.h:605:14:[m[K [01;36m[Knote: [m[K  template argument deduction/substitution failed:
[01m[K/home/shabelson/st4_ws/src/abb_HW_interface/src/abb_hw_interface.cpp:61:93:[m[K [01;36m[Knote: [m[K  types '[01m[Kvoid (T::)(const boost::shared_ptr<const M>&) const[m[K' and '[01m[Kvoid (abb_120_ns::AbbHWInterface::)(const ConstPtr&) {aka void (abb_120_ns::AbbHWInterface::)(const boost::shared_ptr<const geometry_msgs::WrenchStamped_<std::allocator<void> > >&)}[m[K' have incompatible cv-qualifiers
  handle_ForceLog     = nh_.subscribe("wrench", 100,&AbbHWInterface::HandleJointCallback,this[01;36m[K)[m[K;
                                                                                             [01;36m[K^[m[K
[01m[K/home/shabelson/st4_ws/src/abb_HW_interface/src/abb_hw_interface.cpp:61:93:[m[K [01;36m[Knote: [m[K  types '[01m[Kvoid (T::)(const boost::shared_ptr<const M>&) const[m[K' and '[01m[Kvoid (abb_120_ns::AbbHWInterface::)(const ConstPtr&) {aka void (abb_120_ns::AbbHWInterface::)(const boost::shared_ptr<const sensor_msgs::JointState_<std::allocator<void> > >&)}[m[K' have incompatible cv-qualifiers
[01m[K/home/shabelson/st4_ws/src/abb_HW_interface/src/abb_hw_interface.cpp:61:93:[m[K [01;36m[Knote: [m[K  could not resolve address from overloaded function '[01m[K&((abb_120_ns::AbbHWInterface*)this)->*abb_120_ns::AbbHWInterface::HandleJointCallback[m[K'
In file included from [01m[K/opt/ros/melodic/include/ros/ros.h:45:0[m[K,
                 from [01m[K/home/shabelson/st4_ws/src/ros_control_boilerplate/include/ros_control_boilerplate/generic_hw_interface.h:44[m[K,
                 from [01m[K/home/shabelson/st4_ws/src/abb_HW_interface/include/abb_HW_interface/abb_hw_interface.h:8[m[K,
                 from [01m[K/home/shabelson/st4_ws/src/abb_HW_interface/src/abb_hw_interface.cpp:2[m[K:
[01m[K/opt/ros/melodic/include/ros/node_handle.h:656:14:[m[K [01;36m[Knote: [m[Kcandidate: template<class M> ros::Subscriber ros::NodeHandle::subscribe(const string&, uint32_t, void (*)(M), const ros::TransportHints&)
   Subscriber [01;36m[Ksubscribe[m[K(const std::string& topic, uint32_t queue_size, void(*fp)(M), const TransportHints& transport_hints = TransportHints())
              [01;36m[K^~~~~~~~~[m[K
[01m[K/opt/ros/melodic/include/ros/node_handle.h:656:14:[m[K [01;36m[Knote: [m[K  template argument deduction/substitution failed:
[01m[K/home/shabelson/st4_ws/src/abb_HW_interface/src/abb_hw_interface.cpp:61:93:[m[K [01;36m[Knote: [m[K  mismatched types '[01m[Kvoid (*)(M)[m[K' and '[01m[Kvoid (abb_120_ns::AbbHWInterface::*)(const ConstPtr&) {aka void (abb_120_ns::AbbHWInterface::*)(const boost::shared_ptr<const geometry_msgs::WrenchStamped_<std::allocator<void> > >&)}[m[K'
  handle_ForceLog     = nh_.subscribe("wrench", 100,&AbbHWInterface::HandleJointCallback,this[01;36m[K)[m[K;
                                                                                             [01;36m[K^[m[K
[01m[K/home/shabelson/st4_ws/src/abb_HW_interface/src/abb_hw_interface.cpp:61:93:[m[K [01;36m[Knote: [m[K  mismatched types '[01m[Kvoid (*)(M)[m[K' and '[01m[Kvoid (abb_120_ns::AbbHWInterface::*)(const ConstPtr&) {aka void (abb_120_ns::AbbHWInterface::*)(const boost::shared_ptr<const sensor_msgs::JointState_<std::allocator<void> > >&)}[m[K'
[01m[K/home/shabelson/st4_ws/src/abb_HW_interface/src/abb_hw_interface.cpp:61:93:[m[K [01;36m[Knote: [m[K  could not resolve address from overloaded function '[01m[K&((abb_120_ns::AbbHWInterface*)this)->*abb_120_ns::AbbHWInterface::HandleJointCallback[m[K'
In file included from [01m[K/opt/ros/melodic/include/ros/ros.h:45:0[m[K,
                 from [01m[K/home/shabelson/st4_ws/src/ros_control_boilerplate/include/ros_control_boilerplate/generic_hw_interface.h:44[m[K,
                 from [01m[K/home/shabelson/st4_ws/src/abb_HW_interface/include/abb_HW_interface/abb_hw_interface.h:8[m[K,
                 from [01m[K/home/shabelson/st4_ws/src/abb_HW_interface/src/abb_hw_interface.cpp:2[m[K:
[01m[K/opt/ros/melodic/include/ros/node_handle.h:704:14:[m[K [01;36m[Knote: [m[Kcandidate: template<class M> ros::Subscriber ros::NodeHandle::subscribe(const string&, uint32_t, void (*)(const boost::shared_ptr<const M>&), const ros::TransportHints&)
   Subscriber [01;36m[Ksubscribe[m[K(const std::string& topic, uint32_t queue_size, void(*fp)(const boost::shared_ptr<M const>&), const TransportHints& transport_hints = TransportHints())
              [01;36m[K^~~~~~~~~[m[K
[01m[K/opt/ros/melodic/include/ros/node_handle.h:704:14:[m[K [01;36m[Knote: [m[K  template argument deduction/substitution failed:
[01m[K/home/shabelson/st4_ws/src/abb_HW_interface/src/abb_hw_interface.cpp:61:93:[m[K [01;36m[Knote: [m[K  mismatched types '[01m[Kvoid (*)(const boost::shared_ptr<const M>&)[m[K' and '[01m[Kvoid (abb_120_ns::AbbHWInterface::*)(const ConstPtr&) {aka void (abb_120_ns::AbbHWInterface::*)(const boost::shared_ptr<const geometry_msgs::WrenchStamped_<std::allocator<void> > >&)}[m[K'
  handle_ForceLog     = nh_.subscribe("wrench", 100,&AbbHWInterface::HandleJointCallback,this[01;36m[K)[m[K;
                                                                                             [01;36m[K^[m[K
[01m[K/home/shabelson/st4_ws/src/abb_HW_interface/src/abb_hw_interface.cpp:61:93:[m[K [01;36m[Knote: [m[K  mismatched types '[01m[Kvoid (*)(const boost::shared_ptr<const M>&)[m[K' and '[01m[Kvoid (abb_120_ns::AbbHWInterface::*)(const ConstPtr&) {aka void (abb_120_ns::AbbHWInterface::*)(const boost::shared_ptr<const sensor_msgs::JointState_<std::allocator<void> > >&)}[m[K'
[01m[K/home/shabelson/st4_ws/src/abb_HW_interface/src/abb_hw_interface.cpp:61:93:[m[K [01;36m[Knote: [m[K  could not resolve address from overloaded function '[01m[K&((abb_120_ns::AbbHWInterface*)this)->*abb_120_ns::AbbHWInterface::HandleJointCallback[m[K'
In file included from [01m[K/opt/ros/melodic/include/ros/ros.h:45:0[m[K,
                 from [01m[K/home/shabelson/st4_ws/src/ros_control_boilerplate/include/ros_control_boilerplate/generic_hw_interface.h:44[m[K,
                 from [01m[K/home/shabelson/st4_ws/src/abb_HW_interface/include/abb_HW_interface/abb_hw_interface.h:8[m[K,
                 from [01m[K/home/shabelson/st4_ws/src/abb_HW_interface/src/abb_hw_interface.cpp:2[m[K:
[01m[K/opt/ros/melodic/include/ros/node_handle.h:750:14:[m[K [01;36m[Knote: [m[Kcandidate: template<class M> ros::Subscriber ros::NodeHandle::subscribe(const string&, uint32_t, const boost::function<void(const boost::shared_ptr<const M>&)>&, const VoidConstPtr&, const ros::TransportHints&)
   Subscriber [01;36m[Ksubscribe[m[K(const std::string& topic, uint32_t queue_size, const boost::function<void (const boost::shared_ptr<M const>&)>& callback,
              [01;36m[K^~~~~~~~~[m[K
[01m[K/opt/ros/melodic/include/ros/node_handle.h:750:14:[m[K [01;36m[Knote: [m[K  template argument deduction/substitution failed:
[01m[K/home/shabelson/st4_ws/src/abb_HW_interface/src/abb_hw_interface.cpp:61:93:[m[K [01;36m[Knote: [m[K  mismatched types '[01m[Kconst boost::function<void(const boost::shared_ptr<const M>&)>[m[K' and '[01m[Kvoid (abb_120_ns::AbbHWInterface::*)(const ConstPtr&) {aka void (abb_120_ns::AbbHWInterface::*)(const boost::shared_ptr<const geometry_msgs::WrenchStamped_<std::allocator<void> > >&)}[m[K'
  handle_ForceLog     = nh_.subscribe("wrench", 100,&AbbHWInterface::HandleJointCallback,this[01;36m[K)[m[K;
                                                                                             [01;36m[K^[m[K
[01m[K/home/shabelson/st4_ws/src/abb_HW_interface/src/abb_hw_interface.cpp:61:93:[m[K [01;36m[Knote: [m[K  mismatched types '[01m[Kconst boost::function<void(const boost::shared_ptr<const M>&)>[m[K' and '[01m[Kvoid (abb_120_ns::AbbHWInterface::*)(const ConstPtr&) {aka void (abb_120_ns::AbbHWInterface::*)(const boost::shared_ptr<const sensor_msgs::JointState_<std::allocator<void> > >&)}[m[K'
[01m[K/home/shabelson/st4_ws/src/abb_HW_interface/src/abb_hw_interface.cpp:61:93:[m[K [01;36m[Knote: [m[K  could not resolve address from overloaded function '[01m[K&((abb_120_ns::AbbHWInterface*)this)->*abb_120_ns::AbbHWInterface::HandleJointCallback[m[K'
In file included from [01m[K/opt/ros/melodic/include/ros/ros.h:45:0[m[K,
                 from [01m[K/home/shabelson/st4_ws/src/ros_control_boilerplate/include/ros_control_boilerplate/generic_hw_interface.h:44[m[K,
                 from [01m[K/home/shabelson/st4_ws/src/abb_HW_interface/include/abb_HW_interface/abb_hw_interface.h:8[m[K,
                 from [01m[K/home/shabelson/st4_ws/src/abb_HW_interface/src/abb_hw_interface.cpp:2[m[K:
[01m[K/opt/ros/melodic/include/ros/node_handle.h:799:14:[m[K [01;36m[Knote: [m[Kcandidate: template<class M, class C> ros::Subscriber ros::NodeHandle::subscribe(const string&, uint32_t, const boost::function<void(C)>&, const VoidConstPtr&, const ros::TransportHints&)
   Subscriber [01;36m[Ksubscribe[m[K(const std::string& topic, uint32_t queue_size, const boost::function<void (C)>& callback,
              [01;36m[K^~~~~~~~~[m[K
[01m[K/opt/ros/melodic/include/ros/node_handle.h:799:14:[m[K [01;36m[Knote: [m[K  template argument deduction/substitution failed:
[01m[K/home/shabelson/st4_ws/src/abb_HW_interface/src/abb_hw_interface.cpp:61:93:[m[K [01;36m[Knote: [m[K  mismatched types '[01m[Kconst boost::function<void(C)>[m[K' and '[01m[Kvoid (abb_120_ns::AbbHWInterface::*)(const ConstPtr&) {aka void (abb_120_ns::AbbHWInterface::*)(const boost::shared_ptr<const geometry_msgs::WrenchStamped_<std::allocator<void> > >&)}[m[K'
  handle_ForceLog     = nh_.subscribe("wrench", 100,&AbbHWInterface::HandleJointCallback,this[01;36m[K)[m[K;
                                                                                             [01;36m[K^[m[K
[01m[K/home/shabelson/st4_ws/src/abb_HW_interface/src/abb_hw_interface.cpp:61:93:[m[K [01;36m[Knote: [m[K  mismatched types '[01m[Kconst boost::function<void(C)>[m[K' and '[01m[Kvoid (abb_120_ns::AbbHWInterface::*)(const ConstPtr&) {aka void (abb_120_ns::AbbHWInterface::*)(const boost::shared_ptr<const sensor_msgs::JointState_<std::allocator<void> > >&)}[m[K'
[01m[K/home/shabelson/st4_ws/src/abb_HW_interface/src/abb_hw_interface.cpp:61:93:[m[K [01;36m[Knote: [m[K  could not resolve address from overloaded function '[01m[K&((abb_120_ns::AbbHWInterface*)this)->*abb_120_ns::AbbHWInterface::HandleJointCallback[m[K'
In file included from [01m[K/opt/ros/melodic/include/ros/ros.h:45:0[m[K,
                 from [01m[K/home/shabelson/st4_ws/src/ros_control_boilerplate/include/ros_control_boilerplate/generic_hw_interface.h:44[m[K,
                 from [01m[K/home/shabelson/st4_ws/src/abb_HW_interface/include/abb_HW_interface/abb_hw_interface.h:8[m[K,
                 from [01m[K/home/shabelson/st4_ws/src/abb_HW_interface/src/abb_hw_interface.cpp:2[m[K:
[01m[K/opt/ros/melodic/include/ros/node_handle.h:836:14:[m[K [01;36m[Knote: [m[Kcandidate: ros::Subscriber ros::NodeHandle::subscribe(ros::SubscribeOptions&)
   Subscriber [01;36m[Ksubscribe[m[K(SubscribeOptions& ops);
              [01;36m[K^~~~~~~~~[m[K
[01m[K/opt/ros/melodic/include/ros/node_handle.h:836:14:[m[K [01;36m[Knote: [m[K  candidate expects 1 argument, 4 provided
[01m[K/home/shabelson/st4_ws/src/abb_HW_interface/src/abb_hw_interface.cpp:[m[K At global scope:
[01m[K/home/shabelson/st4_ws/src/abb_HW_interface/src/abb_hw_interface.cpp:82:86:[m[K [01;31m[Kerror: [m[Kno '[01m[Kvoid abb_120_ns::AbbHWInterface::HandleForceLog(const ConstPtr&)[m[K' member function declared in class '[01m[Kabb_120_ns::AbbHWInterface[m[K'
 void AbbHWInterface::HandleForceLog(const geometry_msgs::WrenchStamped::ConstPtr& msg[01;31m[K)[m[K{}
                                                                                      [01;31m[K^[m[K
In file included from [01m[K/home/shabelson/st4_ws/src/abb_HW_interface/src/abb_hw_main.cpp:3:0[m[K:
[01m[K/home/shabelson/st4_ws/src/abb_HW_interface/include/abb_HW_interface/abb_hw_interface.h:[m[K In constructor '[01m[Kabb_120_ns::AbbHWInterface::AbbHWInterface(ros::NodeHandle&, urdf::Model*)[m[K':
[01m[K/home/shabelson/st4_ws/src/abb_HW_interface/include/abb_HW_interface/abb_hw_interface.h:25:3:[m[K [01;31m[Kerror: [m[Kno matching function for call to '[01m[Kros_control_boilerplate::GenericHWInterface::GenericHWInterface()[m[K'
   [01;31m[K{[m[K
   [01;31m[K^[m[K
In file included from [01m[K/home/shabelson/st4_ws/src/abb_HW_interface/include/abb_HW_interface/abb_hw_interface.h:8:0[m[K,
                 from [01m[K/home/shabelson/st4_ws/src/abb_HW_interface/src/abb_hw_main.cpp:3[m[K:
[01m[K/home/shabelson/st4_ws/src/ros_control_boilerplate/include/ros_control_boilerplate/generic_hw_interface.h:68:3:[m[K [01;36m[Knote: [m[Kcandidate: ros_control_boilerplate::GenericHWInterface::GenericHWInterface(const ros::NodeHandle&, urdf::Model*)
   [01;36m[KGenericHWInterface[m[K(const ros::NodeHandle& nh, urdf::Model* urdf_model = NULL);
   [01;36m[K^~~~~~~~~~~~~~~~~~[m[K
[01m[K/home/shabelson/st4_ws/src/ros_control_boilerplate/include/ros_control_boilerplate/generic_hw_interface.h:68:3:[m[K [01;36m[Knote: [m[K  candidate expects 2 arguments, 0 provided
[01m[K/home/shabelson/st4_ws/src/ros_control_boilerplate/include/ros_control_boilerplate/generic_hw_interface.h:60:7:[m[K [01;36m[Knote: [m[Kcandidate: ros_control_boilerplate::GenericHWInterface::GenericHWInterface(const ros_control_boilerplate::GenericHWInterface&)
 class [01;36m[KGenericHWInterface[m[K : public hardware_interface::RobotHW
       [01;36m[K^~~~~~~~~~~~~~~~~~[m[K
[01m[K/home/shabelson/st4_ws/src/ros_control_boilerplate/include/ros_control_boilerplate/generic_hw_interface.h:60:7:[m[K [01;36m[Knote: [m[K  candidate expects 1 argument, 0 provided
make[2]: *** [CMakeFiles/abb_hw_main.dir/src/abb_hw_main.cpp.o] Error 1
make[2]: *** Waiting for unfinished jobs....
make[2]: *** [CMakeFiles/abb_hw_main.dir/src/abb_hw_interface.cpp.o] Error 1
make[1]: *** [CMakeFiles/abb_hw_main.dir/all] Error 2
make: *** [all] Error 2
