In file included from [01m[K/home/shabelson/st4_ws/src/abb_HW_interface/src/abb_hw_interface.cpp:2:0[m[K:
[01m[K/home/shabelson/st4_ws/src/abb_HW_interface/include/abb_HW_interface/abb_hw_interface.h:60:33:[m[K [01;31m[Kerror: [m[K'[01m[Kwrench[m[K' in '[01m[Kgeometry_msgs::WrenchStamped {aka struct geometry_msgs::WrenchStamped_<std::allocator<void> >}[m[K' does not name a type
   geometry_msgs::WrenchStamped::[01;31m[Kwrench[m[K iWrench;
                                 [01;31m[K^~~~~~[m[K
In file included from [01m[K/home/shabelson/st4_ws/src/abb_HW_interface/include/abb_HW_interface/abb_hw_interface.h:12:0[m[K,
                 from [01m[K/home/shabelson/st4_ws/src/abb_HW_interface/src/abb_hw_interface.cpp:2[m[K:
[01m[K/opt/ros/melodic/include/geometry_msgs/WrenchStamped.h:44:16:[m[K [01;36m[Knote: [m[K'[01m[Kgeometry_msgs::WrenchStamped_<std::allocator<void> >::wrench[m[K' declared here
   _wrench_type [01;36m[Kwrench[m[K;
                [01;36m[K^~~~~~[m[K
[01m[K/home/shabelson/st4_ws/src/abb_HW_interface/src/abb_hw_interface.cpp:[m[K In member function '[01m[Kvoid abb_120_ns::AbbHWInterface::CartesianLogCallback(const ConstPtr&)[m[K':
[01m[K/home/shabelson/st4_ws/src/abb_HW_interface/src/abb_hw_interface.cpp:80:9:[m[K [01;31m[Kerror: [m[K'[01m[Kclass abb_120_ns::AbbHWInterface[m[K' has no member named '[01m[KiCPose[m[K'
   this->[01;31m[KiCPose[m[K = msg->pose;
         [01;31m[K^~~~~~[m[K
[01m[K/home/shabelson/st4_ws/src/abb_HW_interface/src/abb_hw_interface.cpp:[m[K In member function '[01m[Kvoid abb_120_ns::AbbHWInterface::HandleForceLog(const ConstPtr&)[m[K':
[01m[K/home/shabelson/st4_ws/src/abb_HW_interface/src/abb_hw_interface.cpp:96:7:[m[K [01;31m[Kerror: [m[K'[01m[Kclass abb_120_ns::AbbHWInterface[m[K' has no member named '[01m[KiWrench[m[K'
 this->[01;31m[KiWrench[m[K = msg->wrench;
       [01;31m[K^~~~~~~[m[K
In file included from [01m[K/home/shabelson/st4_ws/src/abb_HW_interface/src/abb_hw_main.cpp:3:0[m[K:
[01m[K/home/shabelson/st4_ws/src/abb_HW_interface/include/abb_HW_interface/abb_hw_interface.h:60:33:[m[K [01;31m[Kerror: [m[K'[01m[Kwrench[m[K' in '[01m[Kgeometry_msgs::WrenchStamped {aka struct geometry_msgs::WrenchStamped_<std::allocator<void> >}[m[K' does not name a type
   geometry_msgs::WrenchStamped::[01;31m[Kwrench[m[K iWrench;
                                 [01;31m[K^~~~~~[m[K
In file included from [01m[K/home/shabelson/st4_ws/src/abb_HW_interface/include/abb_HW_interface/abb_hw_interface.h:12:0[m[K,
                 from [01m[K/home/shabelson/st4_ws/src/abb_HW_interface/src/abb_hw_main.cpp:3[m[K:
[01m[K/opt/ros/melodic/include/geometry_msgs/WrenchStamped.h:44:16:[m[K [01;36m[Knote: [m[K'[01m[Kgeometry_msgs::WrenchStamped_<std::allocator<void> >::wrench[m[K' declared here
   _wrench_type [01;36m[Kwrench[m[K;
                [01;36m[K^~~~~~[m[K
make[2]: *** [CMakeFiles/abb_hw_main.dir/src/abb_hw_main.cpp.o] Error 1
make[2]: *** Waiting for unfinished jobs....
make[2]: *** [CMakeFiles/abb_hw_main.dir/src/abb_hw_interface.cpp.o] Error 1
make[1]: *** [CMakeFiles/abb_hw_main.dir/all] Error 2
make: *** [all] Error 2
