Determining if the pthread_create exist failed with the following output:
Change Dir: /home/shabelson/st4_ws/build/abb_HW_interface/CMakeFiles/CMakeTmp

Run Build Command:"/usr/bin/make" "cmTC_273e0/fast"
/usr/bin/make -f CMakeFiles/cmTC_273e0.dir/build.make CMakeFiles/cmTC_273e0.dir/build
make[1]: Entering directory '/home/shabelson/st4_ws/build/abb_HW_interface/CMakeFiles/CMakeTmp'
Building C object CMakeFiles/cmTC_273e0.dir/CheckSymbolExists.c.o
/usr/bin/cc    -o CMakeFiles/cmTC_273e0.dir/CheckSymbolExists.c.o   -c /home/shabelson/st4_ws/build/abb_HW_interface/CMakeFiles/CMakeTmp/CheckSymbolExists.c
Linking C executable cmTC_273e0
/usr/bin/cmake -E cmake_link_script CMakeFiles/cmTC_273e0.dir/link.txt --verbose=1
/usr/bin/cc      -rdynamic CMakeFiles/cmTC_273e0.dir/CheckSymbolExists.c.o  -o cmTC_273e0 
CMakeFiles/cmTC_273e0.dir/CheckSymbolExists.c.o: In function `main':
CheckSymbolExists.c:(.text+0x1b): undefined reference to `pthread_create'
collect2: error: ld returned 1 exit status
CMakeFiles/cmTC_273e0.dir/build.make:97: recipe for target 'cmTC_273e0' failed
make[1]: *** [cmTC_273e0] Error 1
make[1]: Leaving directory '/home/shabelson/st4_ws/build/abb_HW_interface/CMakeFiles/CMakeTmp'
Makefile:126: recipe for target 'cmTC_273e0/fast' failed
make: *** [cmTC_273e0/fast] Error 2

File /home/shabelson/st4_ws/build/abb_HW_interface/CMakeFiles/CMakeTmp/CheckSymbolExists.c:
/* */
#include <pthread.h>

int main(int argc, char** argv)
{
  (void)argv;
#ifndef pthread_create
  return ((int*)(&pthread_create))[argc];
#else
  (void)argc;
  return 0;
#endif
}

Determining if the function pthread_create exists in the pthreads failed with the following output:
Change Dir: /home/shabelson/st4_ws/build/abb_HW_interface/CMakeFiles/CMakeTmp

Run Build Command:"/usr/bin/make" "cmTC_40dbe/fast"
/usr/bin/make -f CMakeFiles/cmTC_40dbe.dir/build.make CMakeFiles/cmTC_40dbe.dir/build
make[1]: Entering directory '/home/shabelson/st4_ws/build/abb_HW_interface/CMakeFiles/CMakeTmp'
Building C object CMakeFiles/cmTC_40dbe.dir/CheckFunctionExists.c.o
/usr/bin/cc   -DCHECK_FUNCTION_EXISTS=pthread_create   -o CMakeFiles/cmTC_40dbe.dir/CheckFunctionExists.c.o   -c /usr/share/cmake-3.10/Modules/CheckFunctionExists.c
Linking C executable cmTC_40dbe
/usr/bin/cmake -E cmake_link_script CMakeFiles/cmTC_40dbe.dir/link.txt --verbose=1
/usr/bin/cc  -DCHECK_FUNCTION_EXISTS=pthread_create    -rdynamic CMakeFiles/cmTC_40dbe.dir/CheckFunctionExists.c.o  -o cmTC_40dbe -lpthreads 
/usr/bin/ld: cannot find -lpthreads
collect2: error: ld returned 1 exit status
CMakeFiles/cmTC_40dbe.dir/build.make:97: recipe for target 'cmTC_40dbe' failed
make[1]: *** [cmTC_40dbe] Error 1
make[1]: Leaving directory '/home/shabelson/st4_ws/build/abb_HW_interface/CMakeFiles/CMakeTmp'
Makefile:126: recipe for target 'cmTC_40dbe/fast' failed
make: *** [cmTC_40dbe/fast] Error 2


