Determining if the pthread_create exist failed with the following output:
Change Dir: /home/shabelson/st4_ws/build/abb_resources/CMakeFiles/CMakeTmp

Run Build Command:"/usr/bin/make" "cmTC_8e949/fast"
/usr/bin/make -f CMakeFiles/cmTC_8e949.dir/build.make CMakeFiles/cmTC_8e949.dir/build
make[1]: Entering directory '/home/shabelson/st4_ws/build/abb_resources/CMakeFiles/CMakeTmp'
Building C object CMakeFiles/cmTC_8e949.dir/CheckSymbolExists.c.o
/usr/bin/cc    -o CMakeFiles/cmTC_8e949.dir/CheckSymbolExists.c.o   -c /home/shabelson/st4_ws/build/abb_resources/CMakeFiles/CMakeTmp/CheckSymbolExists.c
Linking C executable cmTC_8e949
/usr/bin/cmake -E cmake_link_script CMakeFiles/cmTC_8e949.dir/link.txt --verbose=1
/usr/bin/cc      -rdynamic CMakeFiles/cmTC_8e949.dir/CheckSymbolExists.c.o  -o cmTC_8e949 
CMakeFiles/cmTC_8e949.dir/CheckSymbolExists.c.o: In function `main':
CheckSymbolExists.c:(.text+0x1b): undefined reference to `pthread_create'
collect2: error: ld returned 1 exit status
CMakeFiles/cmTC_8e949.dir/build.make:97: recipe for target 'cmTC_8e949' failed
make[1]: *** [cmTC_8e949] Error 1
make[1]: Leaving directory '/home/shabelson/st4_ws/build/abb_resources/CMakeFiles/CMakeTmp'
Makefile:126: recipe for target 'cmTC_8e949/fast' failed
make: *** [cmTC_8e949/fast] Error 2

File /home/shabelson/st4_ws/build/abb_resources/CMakeFiles/CMakeTmp/CheckSymbolExists.c:
/* */
#include <pthread.h>

int main(int argc, char** argv)
{
  (void)argv;
#ifndef pthread_create
  return ((int*)(&pthread_create))[argc];
#else
  (void)argc;
  return 0;
#endif
}

Determining if the function pthread_create exists in the pthreads failed with the following output:
Change Dir: /home/shabelson/st4_ws/build/abb_resources/CMakeFiles/CMakeTmp

Run Build Command:"/usr/bin/make" "cmTC_7e3bc/fast"
/usr/bin/make -f CMakeFiles/cmTC_7e3bc.dir/build.make CMakeFiles/cmTC_7e3bc.dir/build
make[1]: Entering directory '/home/shabelson/st4_ws/build/abb_resources/CMakeFiles/CMakeTmp'
Building C object CMakeFiles/cmTC_7e3bc.dir/CheckFunctionExists.c.o
/usr/bin/cc   -DCHECK_FUNCTION_EXISTS=pthread_create   -o CMakeFiles/cmTC_7e3bc.dir/CheckFunctionExists.c.o   -c /usr/share/cmake-3.10/Modules/CheckFunctionExists.c
Linking C executable cmTC_7e3bc
/usr/bin/cmake -E cmake_link_script CMakeFiles/cmTC_7e3bc.dir/link.txt --verbose=1
/usr/bin/cc  -DCHECK_FUNCTION_EXISTS=pthread_create    -rdynamic CMakeFiles/cmTC_7e3bc.dir/CheckFunctionExists.c.o  -o cmTC_7e3bc -lpthreads 
/usr/bin/ld: cannot find -lpthreads
collect2: error: ld returned 1 exit status
CMakeFiles/cmTC_7e3bc.dir/build.make:97: recipe for target 'cmTC_7e3bc' failed
make[1]: *** [cmTC_7e3bc] Error 1
make[1]: Leaving directory '/home/shabelson/st4_ws/build/abb_resources/CMakeFiles/CMakeTmp'
Makefile:126: recipe for target 'cmTC_7e3bc/fast' failed
make: *** [cmTC_7e3bc/fast] Error 2


