Not searching for unused variables given on the command line.
-- The C compiler identification is GNU 7.5.0
-- The CXX compiler identification is GNU 7.5.0
-- Check for working C compiler: /usr/bin/cc
-- Check for working C compiler: /usr/bin/cc -- works
-- Detecting C compiler ABI info
-- Detecting C compiler ABI info - done
-- Detecting C compile features
-- Detecting C compile features - done
-- Check for working CXX compiler: /usr/bin/c++
-- Check for working CXX compiler: /usr/bin/c++ -- works
-- Detecting CXX compiler ABI info
-- Detecting CXX compiler ABI info - done
-- Detecting CXX compile features
-- Detecting CXX compile features - done
-- Using CATKIN_DEVEL_PREFIX: /home/shabelson/st4_ws/devel/.private/abb_node_hardware_interface
-- Using CMAKE_PREFIX_PATH: /home/shabelson/st4_ws/devel;/opt/ros/melodic
-- This workspace overlays: /home/shabelson/st4_ws/devel;/opt/ros/melodic
-- Found PythonInterp: /usr/bin/python2 (found suitable version "2.7.17", minimum required is "2")
-- Using PYTHON_EXECUTABLE: /usr/bin/python2
-- Using Debian Python package layout
-- Using empy: /usr/bin/empy
-- Using CATKIN_ENABLE_TESTING: ON
-- Call enable_testing()
-- Using CATKIN_TEST_RESULTS_DIR: /home/shabelson/st4_ws/build/abb_node_hardware_interface/test_results
-- Found gtest sources under '/usr/src/googletest': gtests will be built
-- Found gmock sources under '/usr/src/googletest': gmock will be built
-- Found PythonInterp: /usr/bin/python2 (found version "2.7.17")
-- Looking for pthread.h
-- Looking for pthread.h - found
-- Looking for pthread_create
-- Looking for pthread_create - not found
-- Looking for pthread_create in pthreads
-- Looking for pthread_create in pthreads - not found
-- Looking for pthread_create in pthread
-- Looking for pthread_create in pthread - found
-- Found Threads: TRUE
-- Using Python nosetests: /usr/bin/nosetests-2.7
-- catkin 0.7.29
-- BUILD_SHARED_LIBS is on
-- Using these message generators: gencpp;geneus;genlisp;gennodejs;genpy
CMake Error at /opt/ros/melodic/share/catkin/cmake/catkin_package.cmake:108 (message):
  catkin_package() called with unused arguments:
  cmake_modules;control_msgs;control_toolbox;controller_manager;hardware_interface;joint_limits_interface;roscpp;rosparam_shortcuts;sensor_msgs;std_msgs;trajectory_msgs;transmission_interface;urdf;rospy
Call Stack (most recent call first):
  /opt/ros/melodic/share/catkin/cmake/catkin_package.cmake:102 (_catkin_package)
  CMakeLists.txt:116 (catkin_package)


-- Configuring incomplete, errors occurred!
See also "/home/shabelson/st4_ws/build/abb_node_hardware_interface/CMakeFiles/CMakeOutput.log".
See also "/home/shabelson/st4_ws/build/abb_node_hardware_interface/CMakeFiles/CMakeError.log".
